Using pre-set license
Built from '2020.3/staging' branch; Version is '2020.3.0f1 (c7b5465681fb) revision 13088070'; Using compiler version '192528614'; Build Type 'Release'
OS: 'Windows 10 Home; OS build 19043.1165; Version 2009; 64bit' Language: 'de' Physical Memory: 16337 MB
BatchMode: 1, IsHumanControllingUs: 0, StartBugReporterOnCrash: 0, Is64bit: 1, IsPro: 0

 COMMAND LINE ARGUMENTS:
D:\Programme\Unity Editor\2020.3.0f1\Editor\Unity.exe
-adb2
-batchMode
-noUpm
-name
AssetImportWorker1
-projectPath
D:/Workspace/Fork/crooked
-logFile
Logs/AssetImportWorker1.log
-srvPort
55717
Successfully changed project path to: D:/Workspace/Fork/crooked
D:/Workspace/Fork/crooked
Using Asset Import Pipeline V2.
Refreshing native plugins compatible for Editor in 46.83 ms, found 1 plugins.
Preloading 0 native plugins for Editor in 0.00 ms.
Initialize engine version: 2020.3.0f1 (c7b5465681fb)
[Subsystems] Discovering subsystems at path D:/Programme/Unity Editor/2020.3.0f1/Editor/Data/Resources/UnitySubsystems
[Subsystems] Discovering subsystems at path D:/Workspace/Fork/crooked/Assets
GfxDevice: creating device client; threaded=0
Direct3D:
    Version:  Direct3D 11.0 [level 11.1]
    Renderer: NVIDIA GeForce GTX 1060 6GB (ID=0x1c06)
    Vendor:   
    VRAM:     6052 MB
    Driver:   27.21.14.6627
Shader 'Universal Render Pipeline/Particles/Lit': fallback shader 'Universal Render Pipeline/Particles/SimpleLit' not found
Initialize mono
Mono path[0] = 'D:/Programme/Unity Editor/2020.3.0f1/Editor/Data/Managed'
Mono path[1] = 'D:/Programme/Unity Editor/2020.3.0f1/Editor/Data/MonoBleedingEdge/lib/mono/unityjit'
Mono config path = 'D:/Programme/Unity Editor/2020.3.0f1/Editor/Data/MonoBleedingEdge/etc'
Using monoOptions --debugger-agent=transport=dt_socket,embedding=1,server=y,suspend=n,address=127.0.0.1:56080
Begin MonoManager ReloadAssembly
Registering precompiled unity dll's ...
Register platform support module: D:/Programme/Unity Editor/2020.3.0f1/Editor/Data/PlaybackEngines/WindowsStandaloneSupport/UnityEditor.WindowsStandalone.Extensions.dll
Registered in 0.000944 seconds.
Native extension for WindowsStandalone target not found
Refreshing native plugins compatible for Editor in 47.18 ms, found 1 plugins.
Preloading 0 native plugins for Editor in 0.00 ms.
Invoked RoslynAnalysisRunner static constructor.
RoslynAnalysisRunner will not be running.
RoslynAnalysisRunner has terminated.
Mono: successfully reloaded assembly
- Completed reload, in 17.920 seconds
Platform modules already initialized, skipping
Registering precompiled user dll's ...
Registered in 0.001043 seconds.
Begin MonoManager ReloadAssembly
Native extension for WindowsStandalone target not found
Refreshing native plugins compatible for Editor in 47.09 ms, found 1 plugins.
Preloading 0 native plugins for Editor in 0.00 ms.
Invoked RoslynAnalysisRunner static constructor.
RoslynAnalysisRunner will not be running.
RoslynAnalysisRunner has terminated.
Mono: successfully reloaded assembly
- Completed reload, in  0.802 seconds
Platform modules already initialized, skipping
========================================================================
Worker process is ready to serve import requests
Shader 'Universal Render Pipeline/Particles/Lit': fallback shader 'Universal Render Pipeline/Particles/SimpleLit' not found
Launched and connected shader compiler UnityShaderCompiler.exe after 0.20 seconds
Refreshing native plugins compatible for Editor in 0.47 ms, found 1 plugins.
Preloading 0 native plugins for Editor in 0.00 ms.
Unloading 3098 Unused Serialized files (Serialized files now loaded: 0)
System memory in use before: 132.9 MB.
System memory in use after: 133.0 MB.

Unloading 25 unused Assets to reduce memory usage. Loaded Objects now: 3540.
Total: 2.306700 ms (FindLiveObjects: 0.285100 ms CreateObjectMapping: 0.106400 ms MarkObjects: 1.803700 ms  DeleteObjects: 0.111000 ms)

========================================================================
Received Import Request.
  path: Assets/Scenes/Church.unity
  artifactKey: Guid(9ee8aaf2930a0124aa50748fafe0627c) Importer(815301076,1909f56bfc062723c751e8b465ee728b)
Start importing Assets/Scenes/Church.unity using Guid(9ee8aaf2930a0124aa50748fafe0627c) Importer(815301076,1909f56bfc062723c751e8b465ee728b)  -> (artifact id: 'ba2a6af03240f94ad5578512c62e57dc') in 0.010419 seconds
  Import took 0.014312 seconds .

========================================================================
Received Prepare
Shader 'Universal Render Pipeline/Particles/Lit': fallback shader 'Universal Render Pipeline/Particles/SimpleLit' not found
Refreshing native plugins compatible for Editor in 1.38 ms, found 1 plugins.
Preloading 0 native plugins for Editor in 0.00 ms.
Unloading 11 Unused Serialized files (Serialized files now loaded: 0)
System memory in use before: 68.1 MB.
System memory in use after: 68.2 MB.

Unloading 11 unused Assets to reduce memory usage. Loaded Objects now: 3540.
Total: 2.802200 ms (FindLiveObjects: 0.240900 ms CreateObjectMapping: 0.123000 ms MarkObjects: 2.339900 ms  DeleteObjects: 0.097100 ms)

========================================================================
Received Import Request.
  Time since last request: 74.389502 seconds.
  path: Assets/Scenes/Randy's Shack.unity
  artifactKey: Guid(acd2c8e67605f894b9569eb92919e698) Importer(815301076,1909f56bfc062723c751e8b465ee728b)
Start importing Assets/Scenes/Randy's Shack.unity using Guid(acd2c8e67605f894b9569eb92919e698) Importer(815301076,1909f56bfc062723c751e8b465ee728b)  -> (artifact id: 'e0f9f51f780fb46960c08c39812dda29') in 0.008161 seconds
  Import took 0.012737 seconds .

========================================================================
Received Import Request.
  Time since last request: 31.271009 seconds.
  path: Assets/Scenes/Shipwreck.unity
  artifactKey: Guid(e7ee5928b57c21848a6ed463551dcfe1) Importer(815301076,1909f56bfc062723c751e8b465ee728b)
Start importing Assets/Scenes/Shipwreck.unity using Guid(e7ee5928b57c21848a6ed463551dcfe1) Importer(815301076,1909f56bfc062723c751e8b465ee728b)  -> (artifact id: '012a31046b2adcea37dcae104f0e3b45') in 0.004518 seconds
  Import took 0.008583 seconds .

========================================================================
Received Import Request.
  Time since last request: 72.459360 seconds.
  path: Assets/Scenes/Shipwreck.unity
  artifactKey: Guid(e7ee5928b57c21848a6ed463551dcfe1) Importer(815301076,1909f56bfc062723c751e8b465ee728b)
Start importing Assets/Scenes/Shipwreck.unity using Guid(e7ee5928b57c21848a6ed463551dcfe1) Importer(815301076,1909f56bfc062723c751e8b465ee728b)  -> (artifact id: '865df52b519d069c72e90cef3b4b471b') in 0.001607 seconds
  Import took 0.006456 seconds .

========================================================================
Received Import Request.
  Time since last request: 6.757189 seconds.
  path: Assets/Scenes/Field.unity
  artifactKey: Guid(1010ba80e2cd0f84f952a34b1d1a354a) Importer(815301076,1909f56bfc062723c751e8b465ee728b)
Start importing Assets/Scenes/Field.unity using Guid(1010ba80e2cd0f84f952a34b1d1a354a) Importer(815301076,1909f56bfc062723c751e8b465ee728b)  -> (artifact id: 'b12b834c07a3f5f4fce05aab852ebddb') in 0.001618 seconds
  Import took 0.005599 seconds .

========================================================================
Received Import Request.
  Time since last request: 0.003818 seconds.
  path: Assets/Scenes/Field.unity
  artifactKey: Guid(1010ba80e2cd0f84f952a34b1d1a354a) Importer(815301076,1909f56bfc062723c751e8b465ee728b)
Start importing Assets/Scenes/Field.unity using Guid(1010ba80e2cd0f84f952a34b1d1a354a) Importer(815301076,1909f56bfc062723c751e8b465ee728b)  -> (artifact id: 'b12b834c07a3f5f4fce05aab852ebddb') in 0.001390 seconds
  Import took 0.005271 seconds .

========================================================================
Received Prepare
Registering precompiled user dll's ...
Registered in 0.001108 seconds.
Begin MonoManager ReloadAssembly
Native extension for WindowsStandalone target not found
Refreshing native plugins compatible for Editor in 0.46 ms, found 1 plugins.
Preloading 0 native plugins for Editor in 0.00 ms.
Invoked RoslynAnalysisRunner static constructor.
RoslynAnalysisRunner will not be running.
RoslynAnalysisRunner has terminated.
Mono: successfully reloaded assembly
- Completed reload, in  0.712 seconds
Platform modules already initialized, skipping
Shader 'Universal Render Pipeline/Particles/Lit': fallback shader 'Universal Render Pipeline/Particles/SimpleLit' not found
Refreshing native plugins compatible for Editor in 0.48 ms, found 1 plugins.
Preloading 0 native plugins for Editor in 0.00 ms.
Unloading 2989 Unused Serialized files (Serialized files now loaded: 0)
System memory in use before: 127.1 MB.
System memory in use after: 127.2 MB.

Unloading 13 unused Assets to reduce memory usage. Loaded Objects now: 3544.
Total: 2.339100 ms (FindLiveObjects: 0.280900 ms CreateObjectMapping: 0.116300 ms MarkObjects: 1.840700 ms  DeleteObjects: 0.100600 ms)

========================================================================
Received Prepare
Registering precompiled user dll's ...
Registered in 0.001074 seconds.
Begin MonoManager ReloadAssembly
Native extension for WindowsStandalone target not found
Refreshing native plugins compatible for Editor in 0.49 ms, found 1 plugins.
Preloading 0 native plugins for Editor in 0.00 ms.
Invoked RoslynAnalysisRunner static constructor.
RoslynAnalysisRunner will not be running.
RoslynAnalysisRunner has terminated.
Mono: successfully reloaded assembly
- Completed reload, in  0.792 seconds
Platform modules already initialized, skipping
Shader 'Universal Render Pipeline/Particles/Lit': fallback shader 'Universal Render Pipeline/Particles/SimpleLit' not found
Refreshing native plugins compatible for Editor in 0.55 ms, found 1 plugins.
Preloading 0 native plugins for Editor in 0.00 ms.
Unloading 2989 Unused Serialized files (Serialized files now loaded: 0)
System memory in use before: 127.2 MB.
System memory in use after: 127.3 MB.

Unloading 13 unused Assets to reduce memory usage. Loaded Objects now: 3548.
Total: 3.504300 ms (FindLiveObjects: 0.480600 ms CreateObjectMapping: 0.283200 ms MarkObjects: 2.626600 ms  DeleteObjects: 0.112600 ms)

========================================================================
Received Prepare
Registering precompiled user dll's ...
Registered in 0.001150 seconds.
Begin MonoManager ReloadAssembly
Native extension for WindowsStandalone target not found
Refreshing native plugins compatible for Editor in 0.46 ms, found 1 plugins.
Preloading 0 native plugins for Editor in 0.00 ms.
Invoked RoslynAnalysisRunner static constructor.
RoslynAnalysisRunner will not be running.
RoslynAnalysisRunner has terminated.
Mono: successfully reloaded assembly
- Completed reload, in  0.711 seconds
Platform modules already initialized, skipping
Shader 'Universal Render Pipeline/Particles/Lit': fallback shader 'Universal Render Pipeline/Particles/SimpleLit' not found
Refreshing native plugins compatible for Editor in 0.46 ms, found 1 plugins.
Preloading 0 native plugins for Editor in 0.00 ms.
Unloading 2989 Unused Serialized files (Serialized files now loaded: 0)
System memory in use before: 127.2 MB.
System memory in use after: 127.3 MB.

Unloading 13 unused Assets to reduce memory usage. Loaded Objects now: 3552.
Total: 2.076700 ms (FindLiveObjects: 0.237600 ms CreateObjectMapping: 0.126500 ms MarkObjects: 1.620600 ms  DeleteObjects: 0.091400 ms)

========================================================================
Received Prepare
Registering precompiled user dll's ...
Registered in 0.001101 seconds.
Begin MonoManager ReloadAssembly
Native extension for WindowsStandalone target not found
Refreshing native plugins compatible for Editor in 0.47 ms, found 1 plugins.
Preloading 0 native plugins for Editor in 0.00 ms.
Invoked RoslynAnalysisRunner static constructor.
RoslynAnalysisRunner will not be running.
RoslynAnalysisRunner has terminated.
Mono: successfully reloaded assembly
- Completed reload, in  0.716 seconds
Platform modules already initialized, skipping
Shader 'Universal Render Pipeline/Particles/Lit': fallback shader 'Universal Render Pipeline/Particles/SimpleLit' not found
Refreshing native plugins compatible for Editor in 0.46 ms, found 1 plugins.
Preloading 0 native plugins for Editor in 0.00 ms.
Unloading 2989 Unused Serialized files (Serialized files now loaded: 0)
System memory in use before: 127.2 MB.
System memory in use after: 127.3 MB.

Unloading 13 unused Assets to reduce memory usage. Loaded Objects now: 3556.
Total: 6.858900 ms (FindLiveObjects: 0.652300 ms CreateObjectMapping: 0.399400 ms MarkObjects: 5.591900 ms  DeleteObjects: 0.213200 ms)

========================================================================
Received Prepare
Registering precompiled user dll's ...
Registered in 0.001182 seconds.
Begin MonoManager ReloadAssembly
Native extension for WindowsStandalone target not found
Refreshing native plugins compatible for Editor in 0.49 ms, found 1 plugins.
Preloading 0 native plugins for Editor in 0.00 ms.
Invoked RoslynAnalysisRunner static constructor.
RoslynAnalysisRunner will not be running.
RoslynAnalysisRunner has terminated.
Mono: successfully reloaded assembly
- Completed reload, in  0.714 seconds
Platform modules already initialized, skipping
Shader 'Universal Render Pipeline/Particles/Lit': fallback shader 'Universal Render Pipeline/Particles/SimpleLit' not found
Refreshing native plugins compatible for Editor in 0.50 ms, found 1 plugins.
Preloading 0 native plugins for Editor in 0.00 ms.
Unloading 2989 Unused Serialized files (Serialized files now loaded: 0)
System memory in use before: 127.2 MB.
System memory in use after: 127.3 MB.

Unloading 13 unused Assets to reduce memory usage. Loaded Objects now: 3560.
Total: 3.080900 ms (FindLiveObjects: 0.312400 ms CreateObjectMapping: 0.130400 ms MarkObjects: 2.533100 ms  DeleteObjects: 0.104300 ms)

========================================================================
Received Import Request.
  Time since last request: 360.102514 seconds.
  path: Assets/Scenes/Church.unity
  artifactKey: Guid(9ee8aaf2930a0124aa50748fafe0627c) Importer(815301076,1909f56bfc062723c751e8b465ee728b)
Start importing Assets/Scenes/Church.unity using Guid(9ee8aaf2930a0124aa50748fafe0627c) Importer(815301076,1909f56bfc062723c751e8b465ee728b)  -> (artifact id: '68409e5ab418c17aa9ee19f6a0b9cd61') in 0.009843 seconds
  Import took 0.014047 seconds .

========================================================================
Received Import Request.
  Time since last request: 117.046317 seconds.
  path: Assets/Scenes/Randy's Shack.unity
  artifactKey: Guid(acd2c8e67605f894b9569eb92919e698) Importer(815301076,1909f56bfc062723c751e8b465ee728b)
Start importing Assets/Scenes/Randy's Shack.unity using Guid(acd2c8e67605f894b9569eb92919e698) Importer(815301076,1909f56bfc062723c751e8b465ee728b)  -> (artifact id: 'bdf0ef234b191f2140930239f2ff41dc') in 0.002413 seconds
  Import took 0.006683 seconds .

========================================================================
Received Prepare
Registering precompiled user dll's ...
Registered in 0.001239 seconds.
Begin MonoManager ReloadAssembly
Native extension for WindowsStandalone target not found
Refreshing native plugins compatible for Editor in 0.46 ms, found 1 plugins.
Preloading 0 native plugins for Editor in 0.00 ms.
Invoked RoslynAnalysisRunner static constructor.
RoslynAnalysisRunner will not be running.
RoslynAnalysisRunner has terminated.
Mono: successfully reloaded assembly
- Completed reload, in  0.716 seconds
Platform modules already initialized, skipping
Shader 'Universal Render Pipeline/Particles/Lit': fallback shader 'Universal Render Pipeline/Particles/SimpleLit' not found
Refreshing native plugins compatible for Editor in 0.47 ms, found 1 plugins.
Preloading 0 native plugins for Editor in 0.00 ms.
Unloading 2989 Unused Serialized files (Serialized files now loaded: 0)
System memory in use before: 127.2 MB.
System memory in use after: 127.4 MB.

Unloading 13 unused Assets to reduce memory usage. Loaded Objects now: 3564.
Total: 2.260500 ms (FindLiveObjects: 0.234300 ms CreateObjectMapping: 0.120500 ms MarkObjects: 1.813000 ms  DeleteObjects: 0.092000 ms)

========================================================================
Received Import Request.
  Time since last request: 28.824222 seconds.
  path: Assets/Scenes/Woods.unity
  artifactKey: Guid(774791726b7f101429eb537d76881c94) Importer(815301076,1909f56bfc062723c751e8b465ee728b)
Start importing Assets/Scenes/Woods.unity using Guid(774791726b7f101429eb537d76881c94) Importer(815301076,1909f56bfc062723c751e8b465ee728b)  -> (artifact id: 'b0a9f40f15e58790bd79e03dc70959b8') in 0.016829 seconds
  Import took 0.021170 seconds .

========================================================================
Received Import Request.
  Time since last request: 18.141159 seconds.
  path: Assets/Scenes/Field.unity
  artifactKey: Guid(1010ba80e2cd0f84f952a34b1d1a354a) Importer(815301076,1909f56bfc062723c751e8b465ee728b)
Start importing Assets/Scenes/Field.unity using Guid(1010ba80e2cd0f84f952a34b1d1a354a) Importer(815301076,1909f56bfc062723c751e8b465ee728b)  -> (artifact id: '5910ad247ff0956a1235d0df9331e353') in 0.001619 seconds
  Import took 0.006712 seconds .

========================================================================
Received Prepare
Registering precompiled user dll's ...
Registered in 0.001119 seconds.
Begin MonoManager ReloadAssembly
Native extension for WindowsStandalone target not found
Refreshing native plugins compatible for Editor in 0.47 ms, found 1 plugins.
Preloading 0 native plugins for Editor in 0.00 ms.
Invoked RoslynAnalysisRunner static constructor.
RoslynAnalysisRunner will not be running.
RoslynAnalysisRunner has terminated.
Mono: successfully reloaded assembly
- Completed reload, in  0.699 seconds
Platform modules already initialized, skipping
Shader 'Universal Render Pipeline/Particles/Lit': fallback shader 'Universal Render Pipeline/Particles/SimpleLit' not found
Refreshing native plugins compatible for Editor in 0.48 ms, found 1 plugins.
Preloading 0 native plugins for Editor in 0.00 ms.
Unloading 2989 Unused Serialized files (Serialized files now loaded: 0)
System memory in use before: 127.3 MB.
System memory in use after: 127.4 MB.

Unloading 13 unused Assets to reduce memory usage. Loaded Objects now: 3568.
Total: 2.251500 ms (FindLiveObjects: 0.264300 ms CreateObjectMapping: 0.109400 ms MarkObjects: 1.785000 ms  DeleteObjects: 0.092200 ms)

========================================================================
Received Import Request.
  Time since last request: 18.142025 seconds.
  path: Assets/Scenes/Randy's Shack.unity
  artifactKey: Guid(acd2c8e67605f894b9569eb92919e698) Importer(815301076,1909f56bfc062723c751e8b465ee728b)
Start importing Assets/Scenes/Randy's Shack.unity using Guid(acd2c8e67605f894b9569eb92919e698) Importer(815301076,1909f56bfc062723c751e8b465ee728b)  -> (artifact id: '8b7ce0d4c72bfb8efa7935b9075979b4') in 0.012657 seconds
  Import took 0.016757 seconds .

========================================================================
Received Prepare
Registering precompiled user dll's ...
Registered in 0.001119 seconds.
Begin MonoManager ReloadAssembly
Native extension for WindowsStandalone target not found
Refreshing native plugins compatible for Editor in 0.49 ms, found 1 plugins.
Preloading 0 native plugins for Editor in 0.00 ms.
Invoked RoslynAnalysisRunner static constructor.
RoslynAnalysisRunner will not be running.
RoslynAnalysisRunner has terminated.
Mono: successfully reloaded assembly
- Completed reload, in  0.707 seconds
Platform modules already initialized, skipping
Shader 'Universal Render Pipeline/Particles/Lit': fallback shader 'Universal Render Pipeline/Particles/SimpleLit' not found
Refreshing native plugins compatible for Editor in 0.46 ms, found 1 plugins.
Preloading 0 native plugins for Editor in 0.00 ms.
Unloading 2989 Unused Serialized files (Serialized files now loaded: 0)
System memory in use before: 127.3 MB.
System memory in use after: 127.4 MB.

Unloading 13 unused Assets to reduce memory usage. Loaded Objects now: 3572.
Total: 2.318200 ms (FindLiveObjects: 0.249300 ms CreateObjectMapping: 0.116500 ms MarkObjects: 1.855300 ms  DeleteObjects: 0.096500 ms)

========================================================================
Received Import Request.
  Time since last request: 38.379299 seconds.
  path: Assets/Scenes/Shipwreck.unity
  artifactKey: Guid(e7ee5928b57c21848a6ed463551dcfe1) Importer(815301076,1909f56bfc062723c751e8b465ee728b)
Start importing Assets/Scenes/Shipwreck.unity using Guid(e7ee5928b57c21848a6ed463551dcfe1) Importer(815301076,1909f56bfc062723c751e8b465ee728b)  -> (artifact id: 'aa41250dfdc5586ef6035c24ee4aab17') in 0.013236 seconds
  Import took 0.018137 seconds .

========================================================================
Received Prepare
Registering precompiled user dll's ...
Registered in 0.001230 seconds.
Begin MonoManager ReloadAssembly
Native extension for WindowsStandalone target not found
Refreshing native plugins compatible for Editor in 0.49 ms, found 1 plugins.
Preloading 0 native plugins for Editor in 0.00 ms.
Invoked RoslynAnalysisRunner static constructor.
RoslynAnalysisRunner will not be running.
RoslynAnalysisRunner has terminated.
Mono: successfully reloaded assembly
- Completed reload, in  0.726 seconds
Platform modules already initialized, skipping
Shader 'Universal Render Pipeline/Particles/Lit': fallback shader 'Universal Render Pipeline/Particles/SimpleLit' not found
Refreshing native plugins compatible for Editor in 0.47 ms, found 1 plugins.
Preloading 0 native plugins for Editor in 0.00 ms.
Unloading 2989 Unused Serialized files (Serialized files now loaded: 0)
System memory in use before: 127.3 MB.
System memory in use after: 127.4 MB.

Unloading 13 unused Assets to reduce memory usage. Loaded Objects now: 3576.
Total: 6.356400 ms (FindLiveObjects: 0.791000 ms CreateObjectMapping: 0.490100 ms MarkObjects: 4.973100 ms  DeleteObjects: 0.100200 ms)

========================================================================
Received Import Request.
  Time since last request: 8.300871 seconds.
  path: Assets/Scenes/Woods.unity
  artifactKey: Guid(774791726b7f101429eb537d76881c94) Importer(815301076,1909f56bfc062723c751e8b465ee728b)
Start importing Assets/Scenes/Woods.unity using Guid(774791726b7f101429eb537d76881c94) Importer(815301076,1909f56bfc062723c751e8b465ee728b)  -> (artifact id: '47a0af4c8038776e7608cb38f8b45606') in 0.010135 seconds
  Import took 0.014539 seconds .

========================================================================
Received Prepare
Registering precompiled user dll's ...
Registered in 0.001175 seconds.
Begin MonoManager ReloadAssembly
Native extension for WindowsStandalone target not found
Refreshing native plugins compatible for Editor in 0.50 ms, found 1 plugins.
Preloading 0 native plugins for Editor in 0.00 ms.
Invoked RoslynAnalysisRunner static constructor.
RoslynAnalysisRunner will not be running.
RoslynAnalysisRunner has terminated.
Mono: successfully reloaded assembly
- Completed reload, in  0.763 seconds
Platform modules already initialized, skipping
Shader 'Universal Render Pipeline/Particles/Lit': fallback shader 'Universal Render Pipeline/Particles/SimpleLit' not found
Refreshing native plugins compatible for Editor in 0.54 ms, found 1 plugins.
Preloading 0 native plugins for Editor in 0.00 ms.
Unloading 2989 Unused Serialized files (Serialized files now loaded: 0)
System memory in use before: 127.3 MB.
System memory in use after: 127.4 MB.

Unloading 13 unused Assets to reduce memory usage. Loaded Objects now: 3580.
Total: 2.443200 ms (FindLiveObjects: 0.287100 ms CreateObjectMapping: 0.158000 ms MarkObjects: 1.879800 ms  DeleteObjects: 0.117500 ms)

========================================================================
Received Import Request.
  Time since last request: 153.950986 seconds.
  path: Assets/Scenes/Church.unity
  artifactKey: Guid(9ee8aaf2930a0124aa50748fafe0627c) Importer(815301076,1909f56bfc062723c751e8b465ee728b)
Start importing Assets/Scenes/Church.unity using Guid(9ee8aaf2930a0124aa50748fafe0627c) Importer(815301076,1909f56bfc062723c751e8b465ee728b)  -> (artifact id: 'f175aa86e3fed26cceae02058757ec45') in 0.013940 seconds
  Import took 0.018742 seconds .

========================================================================
Received Prepare
Registering precompiled user dll's ...
Registered in 0.001132 seconds.
Begin MonoManager ReloadAssembly
Native extension for WindowsStandalone target not found
Refreshing native plugins compatible for Editor in 0.48 ms, found 1 plugins.
Preloading 0 native plugins for Editor in 0.00 ms.
Invoked RoslynAnalysisRunner static constructor.
RoslynAnalysisRunner will not be running.
RoslynAnalysisRunner has terminated.
Mono: successfully reloaded assembly
- Completed reload, in  0.707 seconds
Platform modules already initialized, skipping
Shader 'Universal Render Pipeline/Particles/Lit': fallback shader 'Universal Render Pipeline/Particles/SimpleLit' not found
Refreshing native plugins compatible for Editor in 0.47 ms, found 1 plugins.
Preloading 0 native plugins for Editor in 0.00 ms.
Unloading 2989 Unused Serialized files (Serialized files now loaded: 0)
System memory in use before: 127.3 MB.
System memory in use after: 127.4 MB.

Unloading 13 unused Assets to reduce memory usage. Loaded Objects now: 3584.
Total: 2.349900 ms (FindLiveObjects: 0.257900 ms CreateObjectMapping: 0.129600 ms MarkObjects: 1.864400 ms  DeleteObjects: 0.097200 ms)

========================================================================
Received Prepare
Registering precompiled user dll's ...
Registered in 0.001116 seconds.
Begin MonoManager ReloadAssembly
Native extension for WindowsStandalone target not found
Refreshing native plugins compatible for Editor in 0.46 ms, found 1 plugins.
Preloading 0 native plugins for Editor in 0.00 ms.
Invoked RoslynAnalysisRunner static constructor.
RoslynAnalysisRunner will not be running.
RoslynAnalysisRunner has terminated.
Mono: successfully reloaded assembly
- Completed reload, in  0.704 seconds
Platform modules already initialized, skipping
Shader 'Universal Render Pipeline/Particles/Lit': fallback shader 'Universal Render Pipeline/Particles/SimpleLit' not found
Refreshing native plugins compatible for Editor in 0.47 ms, found 1 plugins.
Preloading 0 native plugins for Editor in 0.00 ms.
Unloading 2989 Unused Serialized files (Serialized files now loaded: 0)
System memory in use before: 127.3 MB.
System memory in use after: 127.4 MB.

Unloading 13 unused Assets to reduce memory usage. Loaded Objects now: 3588.
Total: 5.665700 ms (FindLiveObjects: 0.616600 ms CreateObjectMapping: 0.373100 ms MarkObjects: 4.471800 ms  DeleteObjects: 0.202200 ms)

AssetImportWorkerClient::OnTransportError - code=2 error=End of file
