Using pre-set license
Built from '2020.3/staging' branch; Version is '2020.3.0f1 (c7b5465681fb) revision 13088070'; Using compiler version '192528614'; Build Type 'Release'
OS: 'Windows 10 Home; OS build 19042.1237; Version 2009; 64bit' Language: 'de' Physical Memory: 16316 MB
BatchMode: 1, IsHumanControllingUs: 0, StartBugReporterOnCrash: 0, Is64bit: 1, IsPro: 0

 COMMAND LINE ARGUMENTS:
C:\Program Files\Unity\Hub\Editor\2020.3.0f1\Editor\Unity.exe
-adb2
-batchMode
-noUpm
-name
AssetImportWorker2
-projectPath
C:/crooked
-logFile
Logs/AssetImportWorker2.log
-srvPort
56260
Successfully changed project path to: C:/crooked
C:/crooked
Using Asset Import Pipeline V2.
Refreshing native plugins compatible for Editor in 53.78 ms, found 1 plugins.
Preloading 0 native plugins for Editor in 0.00 ms.
Initialize engine version: 2020.3.0f1 (c7b5465681fb)
[Subsystems] Discovering subsystems at path C:/Program Files/Unity/Hub/Editor/2020.3.0f1/Editor/Data/Resources/UnitySubsystems
[Subsystems] Discovering subsystems at path C:/crooked/Assets
GfxDevice: creating device client; threaded=0
Direct3D:
    Version:  Direct3D 11.0 [level 11.1]
    Renderer: NVIDIA GeForce RTX 2080 SUPER (ID=0x1e81)
    Vendor:   
    VRAM:     8010 MB
    Driver:   30.0.14.7141
Shader 'Universal Render Pipeline/Particles/Lit': fallback shader 'Universal Render Pipeline/Particles/SimpleLit' not found
Initialize mono
Mono path[0] = 'C:/Program Files/Unity/Hub/Editor/2020.3.0f1/Editor/Data/Managed'
Mono path[1] = 'C:/Program Files/Unity/Hub/Editor/2020.3.0f1/Editor/Data/MonoBleedingEdge/lib/mono/unityjit'
Mono config path = 'C:/Program Files/Unity/Hub/Editor/2020.3.0f1/Editor/Data/MonoBleedingEdge/etc'
Using monoOptions --debugger-agent=transport=dt_socket,embedding=1,server=y,suspend=n,address=127.0.0.1:56376
Begin MonoManager ReloadAssembly
Registering precompiled unity dll's ...
Register platform support module: C:/Program Files/Unity/Hub/Editor/2020.3.0f1/Editor/Data/PlaybackEngines/WindowsStandaloneSupport/UnityEditor.WindowsStandalone.Extensions.dll
Registered in 0.001513 seconds.
Native extension for WindowsStandalone target not found
Refreshing native plugins compatible for Editor in 54.08 ms, found 1 plugins.
Preloading 0 native plugins for Editor in 0.00 ms.
Invoked RoslynAnalysisRunner static constructor.
RoslynAnalysisRunner will not be running.
RoslynAnalysisRunner has terminated.
Mono: successfully reloaded assembly
- Completed reload, in  0.967 seconds
Platform modules already initialized, skipping
Registering precompiled user dll's ...
Registered in 0.001254 seconds.
Begin MonoManager ReloadAssembly
Native extension for WindowsStandalone target not found
Refreshing native plugins compatible for Editor in 52.83 ms, found 1 plugins.
Preloading 0 native plugins for Editor in 0.00 ms.
Invoked RoslynAnalysisRunner static constructor.
RoslynAnalysisRunner will not be running.
RoslynAnalysisRunner has terminated.
Mono: successfully reloaded assembly
- Completed reload, in  0.964 seconds
Platform modules already initialized, skipping
========================================================================
Worker process is ready to serve import requests
Shader 'Universal Render Pipeline/Particles/Lit': fallback shader 'Universal Render Pipeline/Particles/SimpleLit' not found
Launched and connected shader compiler UnityShaderCompiler.exe after 0.03 seconds
Refreshing native plugins compatible for Editor in 0.54 ms, found 1 plugins.
Preloading 0 native plugins for Editor in 0.00 ms.
Unloading 3114 Unused Serialized files (Serialized files now loaded: 0)
System memory in use before: 133.4 MB.
System memory in use after: 133.6 MB.

Unloading 20 unused Assets to reduce memory usage. Loaded Objects now: 3562.
Total: 2.178600 ms (FindLiveObjects: 0.288700 ms CreateObjectMapping: 0.184400 ms MarkObjects: 1.642000 ms  DeleteObjects: 0.062400 ms)

========================================================================
Received Import Request.
  path: Assets/Scenes/Path.unity
  artifactKey: Guid(6333f51fba899644988070f242264a56) Importer(815301076,1909f56bfc062723c751e8b465ee728b)
Start importing Assets/Scenes/Path.unity using Guid(6333f51fba899644988070f242264a56) Importer(815301076,1909f56bfc062723c751e8b465ee728b)  -> (artifact id: '2bed45e861c840336ce6d04acc1e8ffc') in 0.016225 seconds
  Import took 0.021853 seconds .

========================================================================
Received Import Request.
  Time since last request: 1.628815 seconds.
  path: Assets/Scenes/Randy's Shack.unity
  artifactKey: Guid(acd2c8e67605f894b9569eb92919e698) Importer(815301076,1909f56bfc062723c751e8b465ee728b)
Start importing Assets/Scenes/Randy's Shack.unity using Guid(acd2c8e67605f894b9569eb92919e698) Importer(815301076,1909f56bfc062723c751e8b465ee728b)  -> (artifact id: 'ca4a0b4acf49e08d4930a3672bc809fe') in 0.010132 seconds
  Import took 0.015135 seconds .

========================================================================
Received Import Request.
  Time since last request: 0.000734 seconds.
  path: Assets/Scenes/Randy's Shack.unity
  artifactKey: Guid(acd2c8e67605f894b9569eb92919e698) Importer(815301076,1909f56bfc062723c751e8b465ee728b)
Start importing Assets/Scenes/Randy's Shack.unity using Guid(acd2c8e67605f894b9569eb92919e698) Importer(815301076,1909f56bfc062723c751e8b465ee728b)  -> (artifact id: 'ca4a0b4acf49e08d4930a3672bc809fe') in 0.004025 seconds
  Import took 0.008706 seconds .

========================================================================
Received Import Request.
  Time since last request: 17.680353 seconds.
  path: Assets/Scenes/Shipwreck.unity
  artifactKey: Guid(e7ee5928b57c21848a6ed463551dcfe1) Importer(815301076,1909f56bfc062723c751e8b465ee728b)
Start importing Assets/Scenes/Shipwreck.unity using Guid(e7ee5928b57c21848a6ed463551dcfe1) Importer(815301076,1909f56bfc062723c751e8b465ee728b)  -> (artifact id: '44cb471ae8f125f04c458345048410b2') in 0.014875 seconds
  Import took 0.019911 seconds .

========================================================================
Received Import Request.
  Time since last request: 11.282003 seconds.
  path: Assets/Scenes/Shop.unity
  artifactKey: Guid(5c871f165361cd941b3ce7a5c7e84533) Importer(815301076,1909f56bfc062723c751e8b465ee728b)
Start importing Assets/Scenes/Shop.unity using Guid(5c871f165361cd941b3ce7a5c7e84533) Importer(815301076,1909f56bfc062723c751e8b465ee728b)  -> (artifact id: '048cbd189d37e7a11d4127a9d1fa9784') in 0.011801 seconds
  Import took 0.017914 seconds .

========================================================================
Received Import Request.
  Time since last request: 3.840494 seconds.
  path: Assets/Scenes/Thorns.unity
  artifactKey: Guid(b7c27cc85204a4a4bb35e8a73cfabe61) Importer(815301076,1909f56bfc062723c751e8b465ee728b)
Start importing Assets/Scenes/Thorns.unity using Guid(b7c27cc85204a4a4bb35e8a73cfabe61) Importer(815301076,1909f56bfc062723c751e8b465ee728b)  -> (artifact id: 'c624f03621a8e0046b9fadfeb82eeebf') in 0.006547 seconds
  Import took 0.012518 seconds .

========================================================================
Received Import Request.
  Time since last request: 6.556461 seconds.
  path: Assets/Scenes/Field.unity
  artifactKey: Guid(1010ba80e2cd0f84f952a34b1d1a354a) Importer(815301076,1909f56bfc062723c751e8b465ee728b)
Start importing Assets/Scenes/Field.unity using Guid(1010ba80e2cd0f84f952a34b1d1a354a) Importer(815301076,1909f56bfc062723c751e8b465ee728b)  -> (artifact id: '489e9330f0b13e9b6848797c18c99813') in 0.008636 seconds
  Import took 0.014459 seconds .

========================================================================
Received Prepare
Registering precompiled user dll's ...
Registered in 0.001366 seconds.
Begin MonoManager ReloadAssembly
Native extension for WindowsStandalone target not found
Refreshing native plugins compatible for Editor in 0.56 ms, found 1 plugins.
Preloading 0 native plugins for Editor in 0.00 ms.
Invoked RoslynAnalysisRunner static constructor.
RoslynAnalysisRunner will not be running.
RoslynAnalysisRunner has terminated.
Mono: successfully reloaded assembly
- Completed reload, in  0.924 seconds
Platform modules already initialized, skipping
Shader 'Universal Render Pipeline/Particles/Lit': fallback shader 'Universal Render Pipeline/Particles/SimpleLit' not found
Refreshing native plugins compatible for Editor in 0.48 ms, found 1 plugins.
Preloading 0 native plugins for Editor in 0.00 ms.
Unloading 3000 Unused Serialized files (Serialized files now loaded: 0)
System memory in use before: 127.2 MB.
System memory in use after: 127.5 MB.

Unloading 8 unused Assets to reduce memory usage. Loaded Objects now: 3566.
Total: 2.582000 ms (FindLiveObjects: 0.311400 ms CreateObjectMapping: 0.234000 ms MarkObjects: 2.013900 ms  DeleteObjects: 0.021600 ms)

========================================================================
Received Import Request.
  Time since last request: 36.292063 seconds.
  path: Assets/Scenes/Camp.unity
  artifactKey: Guid(035e5bdfa4f6b6f44867ac418b61daa7) Importer(815301076,1909f56bfc062723c751e8b465ee728b)
Start importing Assets/Scenes/Camp.unity using Guid(035e5bdfa4f6b6f44867ac418b61daa7) Importer(815301076,1909f56bfc062723c751e8b465ee728b)  -> (artifact id: '89d679b24658b96f8fc4200fa4856590') in 0.023549 seconds
  Import took 0.029686 seconds .

========================================================================
Received Prepare
Registering precompiled user dll's ...
Registered in 0.001436 seconds.
Begin MonoManager ReloadAssembly
Native extension for WindowsStandalone target not found
Refreshing native plugins compatible for Editor in 0.59 ms, found 1 plugins.
Preloading 0 native plugins for Editor in 0.00 ms.
Invoked RoslynAnalysisRunner static constructor.
RoslynAnalysisRunner will not be running.
RoslynAnalysisRunner has terminated.
Mono: successfully reloaded assembly
- Completed reload, in  0.881 seconds
Platform modules already initialized, skipping
Shader 'Universal Render Pipeline/Particles/Lit': fallback shader 'Universal Render Pipeline/Particles/SimpleLit' not found
Refreshing native plugins compatible for Editor in 0.56 ms, found 1 plugins.
Preloading 0 native plugins for Editor in 0.00 ms.
Unloading 3000 Unused Serialized files (Serialized files now loaded: 0)
System memory in use before: 127.3 MB.
System memory in use after: 127.5 MB.

Unloading 8 unused Assets to reduce memory usage. Loaded Objects now: 3570.
Total: 2.769100 ms (FindLiveObjects: 0.300100 ms CreateObjectMapping: 0.198900 ms MarkObjects: 2.241800 ms  DeleteObjects: 0.026400 ms)

========================================================================
Received Prepare
Registering precompiled user dll's ...
Registered in 0.001535 seconds.
Begin MonoManager ReloadAssembly
Native extension for WindowsStandalone target not found
Refreshing native plugins compatible for Editor in 0.51 ms, found 1 plugins.
Preloading 0 native plugins for Editor in 0.00 ms.
Invoked RoslynAnalysisRunner static constructor.
RoslynAnalysisRunner will not be running.
RoslynAnalysisRunner has terminated.
Mono: successfully reloaded assembly
- Completed reload, in  0.863 seconds
Platform modules already initialized, skipping
Shader 'Universal Render Pipeline/Particles/Lit': fallback shader 'Universal Render Pipeline/Particles/SimpleLit' not found
Refreshing native plugins compatible for Editor in 0.48 ms, found 1 plugins.
Preloading 0 native plugins for Editor in 0.00 ms.
Unloading 3000 Unused Serialized files (Serialized files now loaded: 0)
System memory in use before: 127.3 MB.
System memory in use after: 127.6 MB.

Unloading 8 unused Assets to reduce memory usage. Loaded Objects now: 3574.
Total: 3.124000 ms (FindLiveObjects: 0.463400 ms CreateObjectMapping: 0.251100 ms MarkObjects: 2.388700 ms  DeleteObjects: 0.019400 ms)

========================================================================
Received Prepare
Registering precompiled user dll's ...
Registered in 0.001263 seconds.
Begin MonoManager ReloadAssembly
Native extension for WindowsStandalone target not found
Refreshing native plugins compatible for Editor in 0.50 ms, found 1 plugins.
Preloading 0 native plugins for Editor in 0.00 ms.
Invoked RoslynAnalysisRunner static constructor.
RoslynAnalysisRunner will not be running.
RoslynAnalysisRunner has terminated.
Mono: successfully reloaded assembly
- Completed reload, in  0.845 seconds
Platform modules already initialized, skipping
Shader 'Universal Render Pipeline/Particles/Lit': fallback shader 'Universal Render Pipeline/Particles/SimpleLit' not found
Refreshing native plugins compatible for Editor in 0.51 ms, found 1 plugins.
Preloading 0 native plugins for Editor in 0.00 ms.
Unloading 3000 Unused Serialized files (Serialized files now loaded: 0)
System memory in use before: 127.3 MB.
System memory in use after: 127.6 MB.

Unloading 8 unused Assets to reduce memory usage. Loaded Objects now: 3578.
Total: 2.720000 ms (FindLiveObjects: 0.322200 ms CreateObjectMapping: 0.239000 ms MarkObjects: 2.136800 ms  DeleteObjects: 0.020900 ms)

========================================================================
Received Import Request.
  Time since last request: 161.476674 seconds.
  path: Assets/Scenes/Randy's Shack.unity
  artifactKey: Guid(acd2c8e67605f894b9569eb92919e698) Importer(815301076,1909f56bfc062723c751e8b465ee728b)
Start importing Assets/Scenes/Randy's Shack.unity using Guid(acd2c8e67605f894b9569eb92919e698) Importer(815301076,1909f56bfc062723c751e8b465ee728b)  -> (artifact id: '522f51430c9cf54662cfab5e9cc22a87') in 0.014413 seconds
  Import took 0.019919 seconds .

========================================================================
Received Import Request.
  Time since last request: 12.722572 seconds.
  path: Assets/Scenes/Church.unity
  artifactKey: Guid(9ee8aaf2930a0124aa50748fafe0627c) Importer(815301076,1909f56bfc062723c751e8b465ee728b)
Start importing Assets/Scenes/Church.unity using Guid(9ee8aaf2930a0124aa50748fafe0627c) Importer(815301076,1909f56bfc062723c751e8b465ee728b)  -> (artifact id: 'cddc67c36727d41b47ef5ee59285d890') in 0.004756 seconds
  Import took 0.011879 seconds .

========================================================================
Received Prepare
Registering precompiled user dll's ...
Registered in 0.001730 seconds.
Begin MonoManager ReloadAssembly
Native extension for WindowsStandalone target not found
Refreshing native plugins compatible for Editor in 0.53 ms, found 1 plugins.
Preloading 0 native plugins for Editor in 0.00 ms.
Invoked RoslynAnalysisRunner static constructor.
RoslynAnalysisRunner will not be running.
RoslynAnalysisRunner has terminated.
Mono: successfully reloaded assembly
- Completed reload, in  0.912 seconds
Platform modules already initialized, skipping
Shader 'Universal Render Pipeline/Particles/Lit': fallback shader 'Universal Render Pipeline/Particles/SimpleLit' not found
Refreshing native plugins compatible for Editor in 0.56 ms, found 1 plugins.
Preloading 0 native plugins for Editor in 0.00 ms.
Unloading 3000 Unused Serialized files (Serialized files now loaded: 0)
System memory in use before: 127.4 MB.
System memory in use after: 127.6 MB.

Unloading 8 unused Assets to reduce memory usage. Loaded Objects now: 3582.
Total: 3.081900 ms (FindLiveObjects: 0.346800 ms CreateObjectMapping: 0.269900 ms MarkObjects: 2.443000 ms  DeleteObjects: 0.020500 ms)

========================================================================
Received Prepare
Registering precompiled user dll's ...
Registered in 0.001332 seconds.
Begin MonoManager ReloadAssembly
Native extension for WindowsStandalone target not found
Refreshing native plugins compatible for Editor in 0.49 ms, found 1 plugins.
Preloading 0 native plugins for Editor in 0.00 ms.
Invoked RoslynAnalysisRunner static constructor.
RoslynAnalysisRunner will not be running.
RoslynAnalysisRunner has terminated.
Mono: successfully reloaded assembly
- Completed reload, in  0.808 seconds
Platform modules already initialized, skipping
Shader 'Universal Render Pipeline/Particles/Lit': fallback shader 'Universal Render Pipeline/Particles/SimpleLit' not found
Refreshing native plugins compatible for Editor in 0.48 ms, found 1 plugins.
Preloading 0 native plugins for Editor in 0.00 ms.
Unloading 3000 Unused Serialized files (Serialized files now loaded: 0)
System memory in use before: 127.4 MB.
System memory in use after: 127.6 MB.

Unloading 8 unused Assets to reduce memory usage. Loaded Objects now: 3586.
Total: 2.984500 ms (FindLiveObjects: 0.438300 ms CreateObjectMapping: 0.253500 ms MarkObjects: 2.257200 ms  DeleteObjects: 0.033900 ms)

========================================================================
Received Prepare
Registering precompiled user dll's ...
Registered in 0.001255 seconds.
Begin MonoManager ReloadAssembly
Native extension for WindowsStandalone target not found
Refreshing native plugins compatible for Editor in 0.66 ms, found 1 plugins.
Preloading 0 native plugins for Editor in 0.00 ms.
Invoked RoslynAnalysisRunner static constructor.
RoslynAnalysisRunner will not be running.
RoslynAnalysisRunner has terminated.
Mono: successfully reloaded assembly
- Completed reload, in  0.819 seconds
Platform modules already initialized, skipping
Shader 'Universal Render Pipeline/Particles/Lit': fallback shader 'Universal Render Pipeline/Particles/SimpleLit' not found
Refreshing native plugins compatible for Editor in 0.54 ms, found 1 plugins.
Preloading 0 native plugins for Editor in 0.00 ms.
Unloading 3000 Unused Serialized files (Serialized files now loaded: 0)
System memory in use before: 127.4 MB.
System memory in use after: 127.6 MB.

Unloading 8 unused Assets to reduce memory usage. Loaded Objects now: 3590.
Total: 2.932200 ms (FindLiveObjects: 0.387300 ms CreateObjectMapping: 0.197700 ms MarkObjects: 2.324900 ms  DeleteObjects: 0.020500 ms)

========================================================================
Received Prepare
Registering precompiled user dll's ...
Registered in 0.001293 seconds.
Begin MonoManager ReloadAssembly
Native extension for WindowsStandalone target not found
Refreshing native plugins compatible for Editor in 0.50 ms, found 1 plugins.
Preloading 0 native plugins for Editor in 0.00 ms.
Invoked RoslynAnalysisRunner static constructor.
RoslynAnalysisRunner will not be running.
RoslynAnalysisRunner has terminated.
Mono: successfully reloaded assembly
- Completed reload, in  0.805 seconds
Platform modules already initialized, skipping
Shader 'Universal Render Pipeline/Particles/Lit': fallback shader 'Universal Render Pipeline/Particles/SimpleLit' not found
Refreshing native plugins compatible for Editor in 0.51 ms, found 1 plugins.
Preloading 0 native plugins for Editor in 0.00 ms.
Unloading 3000 Unused Serialized files (Serialized files now loaded: 0)
System memory in use before: 127.4 MB.
System memory in use after: 127.6 MB.

Unloading 8 unused Assets to reduce memory usage. Loaded Objects now: 3594.
Total: 2.916300 ms (FindLiveObjects: 0.317600 ms CreateObjectMapping: 0.192700 ms MarkObjects: 2.382900 ms  DeleteObjects: 0.021800 ms)

========================================================================
Received Import Request.
  Time since last request: 244.590699 seconds.
  path: Assets/Scenes/Woods.unity
  artifactKey: Guid(774791726b7f101429eb537d76881c94) Importer(815301076,1909f56bfc062723c751e8b465ee728b)
Start importing Assets/Scenes/Woods.unity using Guid(774791726b7f101429eb537d76881c94) Importer(815301076,1909f56bfc062723c751e8b465ee728b)  -> (artifact id: '047a19330369b9b10689e58c1d4ef8bd') in 0.013242 seconds
  Import took 0.017597 seconds .

========================================================================
Received Prepare
Registering precompiled user dll's ...
Registered in 0.001268 seconds.
Begin MonoManager ReloadAssembly
Native extension for WindowsStandalone target not found
Refreshing native plugins compatible for Editor in 0.61 ms, found 1 plugins.
Preloading 0 native plugins for Editor in 0.00 ms.
Invoked RoslynAnalysisRunner static constructor.
RoslynAnalysisRunner will not be running.
RoslynAnalysisRunner has terminated.
Mono: successfully reloaded assembly
- Completed reload, in  0.837 seconds
Platform modules already initialized, skipping
Shader 'Universal Render Pipeline/Particles/Lit': fallback shader 'Universal Render Pipeline/Particles/SimpleLit' not found
Refreshing native plugins compatible for Editor in 0.51 ms, found 1 plugins.
Preloading 0 native plugins for Editor in 0.00 ms.
Unloading 3000 Unused Serialized files (Serialized files now loaded: 0)
System memory in use before: 127.4 MB.
System memory in use after: 127.7 MB.

Unloading 8 unused Assets to reduce memory usage. Loaded Objects now: 3598.
Total: 4.121000 ms (FindLiveObjects: 0.347400 ms CreateObjectMapping: 0.326400 ms MarkObjects: 3.420000 ms  DeleteObjects: 0.025600 ms)

========================================================================
Received Prepare
Registering precompiled user dll's ...
Registered in 0.001375 seconds.
Begin MonoManager ReloadAssembly
Native extension for WindowsStandalone target not found
Refreshing native plugins compatible for Editor in 0.53 ms, found 1 plugins.
Preloading 0 native plugins for Editor in 0.00 ms.
Invoked RoslynAnalysisRunner static constructor.
RoslynAnalysisRunner will not be running.
RoslynAnalysisRunner has terminated.
Mono: successfully reloaded assembly
- Completed reload, in  0.824 seconds
Platform modules already initialized, skipping
Shader 'Universal Render Pipeline/Particles/Lit': fallback shader 'Universal Render Pipeline/Particles/SimpleLit' not found
Refreshing native plugins compatible for Editor in 0.54 ms, found 1 plugins.
Preloading 0 native plugins for Editor in 0.00 ms.
Unloading 3000 Unused Serialized files (Serialized files now loaded: 0)
System memory in use before: 127.4 MB.
System memory in use after: 127.7 MB.

Unloading 8 unused Assets to reduce memory usage. Loaded Objects now: 3602.
Total: 3.020200 ms (FindLiveObjects: 0.318600 ms CreateObjectMapping: 0.199000 ms MarkObjects: 2.483000 ms  DeleteObjects: 0.018400 ms)

========================================================================
Received Prepare
Registering precompiled user dll's ...
Registered in 0.001303 seconds.
Begin MonoManager ReloadAssembly
Native extension for WindowsStandalone target not found
Refreshing native plugins compatible for Editor in 0.50 ms, found 1 plugins.
Preloading 0 native plugins for Editor in 0.00 ms.
Invoked RoslynAnalysisRunner static constructor.
RoslynAnalysisRunner will not be running.
RoslynAnalysisRunner has terminated.
Mono: successfully reloaded assembly
- Completed reload, in  0.819 seconds
Platform modules already initialized, skipping
Shader 'Universal Render Pipeline/Particles/Lit': fallback shader 'Universal Render Pipeline/Particles/SimpleLit' not found
Refreshing native plugins compatible for Editor in 0.71 ms, found 1 plugins.
Preloading 0 native plugins for Editor in 0.00 ms.
Unloading 3000 Unused Serialized files (Serialized files now loaded: 0)
System memory in use before: 127.4 MB.
System memory in use after: 127.7 MB.

Unloading 8 unused Assets to reduce memory usage. Loaded Objects now: 3606.
Total: 4.495600 ms (FindLiveObjects: 0.614500 ms CreateObjectMapping: 0.344300 ms MarkObjects: 3.504100 ms  DeleteObjects: 0.030800 ms)

AssetImportWorkerClient::OnTransportError - code=2 error=End of file
