Using pre-set license
Built from '2020.3/staging' branch; Version is '2020.3.0f1 (c7b5465681fb) revision 13088070'; Using compiler version '192528614'; Build Type 'Release'
OS: 'Windows 10 Home; OS build 19043.1237; Version 2009; 64bit' Language: 'de' Physical Memory: 16337 MB
BatchMode: 1, IsHumanControllingUs: 0, StartBugReporterOnCrash: 0, Is64bit: 1, IsPro: 0

 COMMAND LINE ARGUMENTS:
D:\Programme\Unity Editor\2020.3.0f1\Editor\Unity.exe
-adb2
-batchMode
-noUpm
-name
AssetImportWorker0
-projectPath
D:/Workspace/Fork/crooked
-logFile
Logs/AssetImportWorker0.log
-srvPort
58366
Successfully changed project path to: D:/Workspace/Fork/crooked
D:/Workspace/Fork/crooked
Using Asset Import Pipeline V2.
Refreshing native plugins compatible for Editor in 45.63 ms, found 1 plugins.
Preloading 0 native plugins for Editor in 0.00 ms.
Initialize engine version: 2020.3.0f1 (c7b5465681fb)
[Subsystems] Discovering subsystems at path D:/Programme/Unity Editor/2020.3.0f1/Editor/Data/Resources/UnitySubsystems
[Subsystems] Discovering subsystems at path D:/Workspace/Fork/crooked/Assets
GfxDevice: creating device client; threaded=0
Direct3D:
    Version:  Direct3D 11.0 [level 11.1]
    Renderer: NVIDIA GeForce GTX 1060 6GB (ID=0x1c06)
    Vendor:   
    VRAM:     6052 MB
    Driver:   27.21.14.6627
Shader 'Universal Render Pipeline/Particles/Lit': fallback shader 'Universal Render Pipeline/Particles/SimpleLit' not found
Initialize mono
Mono path[0] = 'D:/Programme/Unity Editor/2020.3.0f1/Editor/Data/Managed'
Mono path[1] = 'D:/Programme/Unity Editor/2020.3.0f1/Editor/Data/MonoBleedingEdge/lib/mono/unityjit'
Mono config path = 'D:/Programme/Unity Editor/2020.3.0f1/Editor/Data/MonoBleedingEdge/etc'
Using monoOptions --debugger-agent=transport=dt_socket,embedding=1,server=y,suspend=n,address=127.0.0.1:56236
Begin MonoManager ReloadAssembly
Registering precompiled unity dll's ...
Register platform support module: D:/Programme/Unity Editor/2020.3.0f1/Editor/Data/PlaybackEngines/WindowsStandaloneSupport/UnityEditor.WindowsStandalone.Extensions.dll
Registered in 0.000934 seconds.
Native extension for WindowsStandalone target not found
Refreshing native plugins compatible for Editor in 46.14 ms, found 1 plugins.
Preloading 0 native plugins for Editor in 0.00 ms.
Invoked RoslynAnalysisRunner static constructor.
RoslynAnalysisRunner will not be running.
RoslynAnalysisRunner has terminated.
Mono: successfully reloaded assembly
- Completed reload, in  0.739 seconds
Platform modules already initialized, skipping
Registering precompiled user dll's ...
Registered in 0.001000 seconds.
Begin MonoManager ReloadAssembly
Native extension for WindowsStandalone target not found
Refreshing native plugins compatible for Editor in 47.52 ms, found 1 plugins.
Preloading 0 native plugins for Editor in 0.00 ms.
Invoked RoslynAnalysisRunner static constructor.
RoslynAnalysisRunner will not be running.
RoslynAnalysisRunner has terminated.
Mono: successfully reloaded assembly
- Completed reload, in  0.802 seconds
Platform modules already initialized, skipping
========================================================================
Worker process is ready to serve import requests
Shader 'Universal Render Pipeline/Particles/Lit': fallback shader 'Universal Render Pipeline/Particles/SimpleLit' not found
Launched and connected shader compiler UnityShaderCompiler.exe after 0.05 seconds
Refreshing native plugins compatible for Editor in 0.47 ms, found 1 plugins.
Preloading 0 native plugins for Editor in 0.00 ms.
Unloading 3123 Unused Serialized files (Serialized files now loaded: 0)
System memory in use before: 133.3 MB.
System memory in use after: 133.5 MB.

Unloading 20 unused Assets to reduce memory usage. Loaded Objects now: 3571.
Total: 2.179200 ms (FindLiveObjects: 0.283200 ms CreateObjectMapping: 0.122800 ms MarkObjects: 1.718300 ms  DeleteObjects: 0.054200 ms)

========================================================================
Received Import Request.
  path: Assets/Inventory System/Scriptables/Items/Static Items/microwave.asset
  artifactKey: Guid(733f68ffbbb8c924fb6f6a2edc1ecdd7) Importer(815301076,1909f56bfc062723c751e8b465ee728b)
Start importing Assets/Inventory System/Scriptables/Items/Static Items/microwave.asset using Guid(733f68ffbbb8c924fb6f6a2edc1ecdd7) Importer(815301076,1909f56bfc062723c751e8b465ee728b)  -> (artifact id: '2a6aecf8a79ca2474ccb8ab88bf58106') in 0.035962 seconds
  Import took 0.039976 seconds .

========================================================================
Received Import Request.
  Time since last request: 14.847225 seconds.
  path: Assets/Inventory System/Scriptables/Items/Static Items/gittertuer.asset
  artifactKey: Guid(449d418ab80c3d645a0bea95c246cdd8) Importer(815301076,1909f56bfc062723c751e8b465ee728b)
Start importing Assets/Inventory System/Scriptables/Items/Static Items/gittertuer.asset using Guid(449d418ab80c3d645a0bea95c246cdd8) Importer(815301076,1909f56bfc062723c751e8b465ee728b)  -> (artifact id: 'c4587518b755e90442894116260571e2') in 0.006095 seconds
  Import took 0.010977 seconds .

========================================================================
Received Import Request.
  Time since last request: 0.001794 seconds.
  path: Assets/Inventory System/Scriptables/Items/Static Items/gittertuer.asset
  artifactKey: Guid(449d418ab80c3d645a0bea95c246cdd8) Importer(815301076,1909f56bfc062723c751e8b465ee728b)
Start importing Assets/Inventory System/Scriptables/Items/Static Items/gittertuer.asset using Guid(449d418ab80c3d645a0bea95c246cdd8) Importer(815301076,1909f56bfc062723c751e8b465ee728b)  -> (artifact id: 'c4587518b755e90442894116260571e2') in 0.001962 seconds
  Import took 0.006439 seconds .

========================================================================
Received Import Request.
  Time since last request: 45.335852 seconds.
  path: Assets/Inventory System/Scriptables/Items/Static Items/gittertuer.asset
  artifactKey: Guid(449d418ab80c3d645a0bea95c246cdd8) Importer(815301076,1909f56bfc062723c751e8b465ee728b)
Start importing Assets/Inventory System/Scriptables/Items/Static Items/gittertuer.asset using Guid(449d418ab80c3d645a0bea95c246cdd8) Importer(815301076,1909f56bfc062723c751e8b465ee728b)  -> (artifact id: '142f288ff75d5179def6e6a0753d99b6') in 0.002720 seconds
  Import took 0.006881 seconds .

========================================================================
Received Import Request.
  Time since last request: 37.414727 seconds.
  path: Assets/Scripts/prisonHandler.cs
  artifactKey: Guid(c5a2b5b58c8d02347894d760dd641287) Importer(815301076,1909f56bfc062723c751e8b465ee728b)
Start importing Assets/Scripts/prisonHandler.cs using Guid(c5a2b5b58c8d02347894d760dd641287) Importer(815301076,1909f56bfc062723c751e8b465ee728b)  -> (artifact id: 'a77b67a4cce0a01029839402be886462') in 0.014666 seconds
  Import took 0.018949 seconds .

========================================================================
Received Prepare
Registering precompiled user dll's ...
Registered in 0.001148 seconds.
Begin MonoManager ReloadAssembly
Native extension for WindowsStandalone target not found
Refreshing native plugins compatible for Editor in 0.51 ms, found 1 plugins.
Preloading 0 native plugins for Editor in 0.00 ms.
Invoked RoslynAnalysisRunner static constructor.
RoslynAnalysisRunner will not be running.
RoslynAnalysisRunner has terminated.
Mono: successfully reloaded assembly
- Completed reload, in  0.738 seconds
Platform modules already initialized, skipping
Shader 'Universal Render Pipeline/Particles/Lit': fallback shader 'Universal Render Pipeline/Particles/SimpleLit' not found
Refreshing native plugins compatible for Editor in 0.51 ms, found 1 plugins.
Preloading 0 native plugins for Editor in 0.00 ms.
Unloading 3010 Unused Serialized files (Serialized files now loaded: 0)
System memory in use before: 129.1 MB.
System memory in use after: 129.3 MB.

Unloading 8 unused Assets to reduce memory usage. Loaded Objects now: 3576.
Total: 2.537100 ms (FindLiveObjects: 0.319800 ms CreateObjectMapping: 0.149400 ms MarkObjects: 2.049800 ms  DeleteObjects: 0.017300 ms)

========================================================================
Received Import Request.
  Time since last request: 52.141680 seconds.
  path: Assets/Scripts/GrainHandler.cs
  artifactKey: Guid(00f6b2c194ef7614b894e16cdacb24ca) Importer(815301076,1909f56bfc062723c751e8b465ee728b)
Start importing Assets/Scripts/GrainHandler.cs using Guid(00f6b2c194ef7614b894e16cdacb24ca) Importer(815301076,1909f56bfc062723c751e8b465ee728b)  -> (artifact id: 'cc473f698d155faad34cd97826d70cb3') in 0.012339 seconds
  Import took 0.018230 seconds .

========================================================================
Received Import Request.
  Time since last request: 31.745990 seconds.
  path: Assets/Scripts/WorldInteraction.cs
  artifactKey: Guid(860cb1ff7d454fa42a64addacbc9aa6a) Importer(815301076,1909f56bfc062723c751e8b465ee728b)
Start importing Assets/Scripts/WorldInteraction.cs using Guid(860cb1ff7d454fa42a64addacbc9aa6a) Importer(815301076,1909f56bfc062723c751e8b465ee728b)  -> (artifact id: 'ae7885f28b7c4384dc9fea82d23f6e70') in 0.004695 seconds
  Import took 0.008937 seconds .

========================================================================
Received Import Request.
  Time since last request: 0.017939 seconds.
  path: Assets/Scripts/WorldInteraction.cs
  artifactKey: Guid(860cb1ff7d454fa42a64addacbc9aa6a) Importer(815301076,1909f56bfc062723c751e8b465ee728b)
Start importing Assets/Scripts/WorldInteraction.cs using Guid(860cb1ff7d454fa42a64addacbc9aa6a) Importer(815301076,1909f56bfc062723c751e8b465ee728b)  -> (artifact id: 'ae7885f28b7c4384dc9fea82d23f6e70') in 0.003055 seconds
  Import took 0.007356 seconds .

========================================================================
Received Prepare
Registering precompiled user dll's ...
Registered in 0.001106 seconds.
Begin MonoManager ReloadAssembly
Native extension for WindowsStandalone target not found
Refreshing native plugins compatible for Editor in 0.51 ms, found 1 plugins.
Preloading 0 native plugins for Editor in 0.00 ms.
Invoked RoslynAnalysisRunner static constructor.
RoslynAnalysisRunner will not be running.
RoslynAnalysisRunner has terminated.
Mono: successfully reloaded assembly
- Completed reload, in  0.720 seconds
Platform modules already initialized, skipping
Shader 'Universal Render Pipeline/Particles/Lit': fallback shader 'Universal Render Pipeline/Particles/SimpleLit' not found
Refreshing native plugins compatible for Editor in 0.50 ms, found 1 plugins.
Preloading 0 native plugins for Editor in 0.00 ms.
Unloading 3010 Unused Serialized files (Serialized files now loaded: 0)
System memory in use before: 129.1 MB.
System memory in use after: 129.4 MB.

Unloading 8 unused Assets to reduce memory usage. Loaded Objects now: 3580.
Total: 5.784200 ms (FindLiveObjects: 0.783100 ms CreateObjectMapping: 0.601800 ms MarkObjects: 4.384700 ms  DeleteObjects: 0.012500 ms)

========================================================================
Received Import Request.
  Time since last request: 101.536038 seconds.
  path: Assets/Dialogue System/Scripts
  artifactKey: Guid(48da1abc411ce7e4d99bdc93170b4ef9) Importer(815301076,1909f56bfc062723c751e8b465ee728b)
Start importing Assets/Dialogue System/Scripts using Guid(48da1abc411ce7e4d99bdc93170b4ef9) Importer(815301076,1909f56bfc062723c751e8b465ee728b)  -> (artifact id: '5556edff061ed929391a0d2ea91d54cf') in 0.007945 seconds
  Import took 0.012511 seconds .

========================================================================
Received Import Request.
  Time since last request: 33.696119 seconds.
  path: Assets/Characters/prisondoor.asset
  artifactKey: Guid(e7a7da4e2a179e74caacb5752a4176b7) Importer(815301076,1909f56bfc062723c751e8b465ee728b)
Start importing Assets/Characters/prisondoor.asset using Guid(e7a7da4e2a179e74caacb5752a4176b7) Importer(815301076,1909f56bfc062723c751e8b465ee728b)  -> (artifact id: 'e24d2cc603518dab327379dac7785887') in 0.010710 seconds
  Import took 0.014889 seconds .

========================================================================
Received Prepare
Registering precompiled user dll's ...
Registered in 0.001149 seconds.
Begin MonoManager ReloadAssembly
Native extension for WindowsStandalone target not found
Refreshing native plugins compatible for Editor in 0.50 ms, found 1 plugins.
Preloading 0 native plugins for Editor in 0.00 ms.
Invoked RoslynAnalysisRunner static constructor.
RoslynAnalysisRunner will not be running.
RoslynAnalysisRunner has terminated.
Mono: successfully reloaded assembly
- Completed reload, in  0.727 seconds
Platform modules already initialized, skipping
Shader 'Universal Render Pipeline/Particles/Lit': fallback shader 'Universal Render Pipeline/Particles/SimpleLit' not found
Refreshing native plugins compatible for Editor in 0.50 ms, found 1 plugins.
Preloading 0 native plugins for Editor in 0.00 ms.
Unloading 3010 Unused Serialized files (Serialized files now loaded: 0)
System memory in use before: 129.2 MB.
System memory in use after: 129.4 MB.

Unloading 8 unused Assets to reduce memory usage. Loaded Objects now: 3584.
Total: 2.758300 ms (FindLiveObjects: 0.290100 ms CreateObjectMapping: 0.158800 ms MarkObjects: 2.294600 ms  DeleteObjects: 0.013900 ms)

========================================================================
Received Prepare
Registering precompiled user dll's ...
Registered in 0.001094 seconds.
Begin MonoManager ReloadAssembly
Native extension for WindowsStandalone target not found
Refreshing native plugins compatible for Editor in 0.51 ms, found 1 plugins.
Preloading 0 native plugins for Editor in 0.00 ms.
Invoked RoslynAnalysisRunner static constructor.
RoslynAnalysisRunner will not be running.
RoslynAnalysisRunner has terminated.
Mono: successfully reloaded assembly
- Completed reload, in  0.736 seconds
Platform modules already initialized, skipping
Shader 'Universal Render Pipeline/Particles/Lit': fallback shader 'Universal Render Pipeline/Particles/SimpleLit' not found
Refreshing native plugins compatible for Editor in 0.52 ms, found 1 plugins.
Preloading 0 native plugins for Editor in 0.00 ms.
Unloading 3010 Unused Serialized files (Serialized files now loaded: 0)
System memory in use before: 129.2 MB.
System memory in use after: 129.4 MB.

Unloading 8 unused Assets to reduce memory usage. Loaded Objects now: 3588.
Total: 2.392300 ms (FindLiveObjects: 0.256300 ms CreateObjectMapping: 0.135600 ms MarkObjects: 1.986900 ms  DeleteObjects: 0.012700 ms)

========================================================================
Received Import Request.
  Time since last request: 120.067488 seconds.
  path: Assets/Scripts/Dialog.cs
  artifactKey: Guid(edd8cfe6289df8845bb0735869025a67) Importer(815301076,1909f56bfc062723c751e8b465ee728b)
Start importing Assets/Scripts/Dialog.cs using Guid(edd8cfe6289df8845bb0735869025a67) Importer(815301076,1909f56bfc062723c751e8b465ee728b)  -> (artifact id: 'e60beec14ab319e114f4eba9fbe11408') in 0.008034 seconds
  Import took 0.012408 seconds .

========================================================================
Received Import Request.
  Time since last request: 0.016172 seconds.
  path: Assets/Scripts/Dialog.cs
  artifactKey: Guid(edd8cfe6289df8845bb0735869025a67) Importer(815301076,1909f56bfc062723c751e8b465ee728b)
Start importing Assets/Scripts/Dialog.cs using Guid(edd8cfe6289df8845bb0735869025a67) Importer(815301076,1909f56bfc062723c751e8b465ee728b)  -> (artifact id: 'e60beec14ab319e114f4eba9fbe11408') in 0.001909 seconds
  Import took 0.006241 seconds .

========================================================================
Received Prepare
Registering precompiled user dll's ...
Registered in 0.001124 seconds.
Begin MonoManager ReloadAssembly
Native extension for WindowsStandalone target not found
Refreshing native plugins compatible for Editor in 0.53 ms, found 1 plugins.
Preloading 0 native plugins for Editor in 0.00 ms.
Invoked RoslynAnalysisRunner static constructor.
RoslynAnalysisRunner will not be running.
RoslynAnalysisRunner has terminated.
Mono: successfully reloaded assembly
- Completed reload, in  0.727 seconds
Platform modules already initialized, skipping
Shader 'Universal Render Pipeline/Particles/Lit': fallback shader 'Universal Render Pipeline/Particles/SimpleLit' not found
Refreshing native plugins compatible for Editor in 0.50 ms, found 1 plugins.
Preloading 0 native plugins for Editor in 0.00 ms.
Unloading 3010 Unused Serialized files (Serialized files now loaded: 0)
System memory in use before: 129.2 MB.
System memory in use after: 129.4 MB.

Unloading 8 unused Assets to reduce memory usage. Loaded Objects now: 3592.
Total: 2.257800 ms (FindLiveObjects: 0.302400 ms CreateObjectMapping: 0.152300 ms MarkObjects: 1.789900 ms  DeleteObjects: 0.012400 ms)

========================================================================
Received Import Request.
  Time since last request: 77.425022 seconds.
  path: Assets/Scripts/Dialog.cs
  artifactKey: Guid(edd8cfe6289df8845bb0735869025a67) Importer(815301076,1909f56bfc062723c751e8b465ee728b)
Start importing Assets/Scripts/Dialog.cs using Guid(edd8cfe6289df8845bb0735869025a67) Importer(815301076,1909f56bfc062723c751e8b465ee728b)  -> (artifact id: '2f8844339ca4a9c3d6706f9f52116d52') in 0.011363 seconds
  Import took 0.024246 seconds .

========================================================================
Received Prepare
Registering precompiled user dll's ...
Registered in 0.001140 seconds.
Begin MonoManager ReloadAssembly
Native extension for WindowsStandalone target not found
Refreshing native plugins compatible for Editor in 0.49 ms, found 1 plugins.
Preloading 0 native plugins for Editor in 0.00 ms.
Invoked RoslynAnalysisRunner static constructor.
RoslynAnalysisRunner will not be running.
RoslynAnalysisRunner has terminated.
Mono: successfully reloaded assembly
- Completed reload, in  0.717 seconds
Platform modules already initialized, skipping
Shader 'Universal Render Pipeline/Particles/Lit': fallback shader 'Universal Render Pipeline/Particles/SimpleLit' not found
Refreshing native plugins compatible for Editor in 0.51 ms, found 1 plugins.
Preloading 0 native plugins for Editor in 0.00 ms.
Unloading 3010 Unused Serialized files (Serialized files now loaded: 0)
System memory in use before: 129.2 MB.
System memory in use after: 129.4 MB.

Unloading 8 unused Assets to reduce memory usage. Loaded Objects now: 3596.
Total: 4.939300 ms (FindLiveObjects: 0.571800 ms CreateObjectMapping: 0.394400 ms MarkObjects: 3.945100 ms  DeleteObjects: 0.026200 ms)

========================================================================
Received Import Request.
  Time since last request: 111.858076 seconds.
  path: Assets/Scenes/Randy's Shack.unity
  artifactKey: Guid(acd2c8e67605f894b9569eb92919e698) Importer(815301076,1909f56bfc062723c751e8b465ee728b)
Start importing Assets/Scenes/Randy's Shack.unity using Guid(acd2c8e67605f894b9569eb92919e698) Importer(815301076,1909f56bfc062723c751e8b465ee728b)  -> (artifact id: '950b10b383ea8fcf2d82941896d4cb36') in 0.017470 seconds
  Import took 0.022110 seconds .

========================================================================
Received Prepare
Registering precompiled user dll's ...
Registered in 0.001239 seconds.
Begin MonoManager ReloadAssembly
Native extension for WindowsStandalone target not found
Refreshing native plugins compatible for Editor in 0.56 ms, found 1 plugins.
Preloading 0 native plugins for Editor in 0.00 ms.
Invoked RoslynAnalysisRunner static constructor.
RoslynAnalysisRunner will not be running.
RoslynAnalysisRunner has terminated.
Mono: successfully reloaded assembly
- Completed reload, in  0.845 seconds
Platform modules already initialized, skipping
Shader 'Universal Render Pipeline/Particles/Lit': fallback shader 'Universal Render Pipeline/Particles/SimpleLit' not found
Refreshing native plugins compatible for Editor in 0.55 ms, found 1 plugins.
Preloading 0 native plugins for Editor in 0.00 ms.
Unloading 3010 Unused Serialized files (Serialized files now loaded: 0)
System memory in use before: 129.2 MB.
System memory in use after: 129.5 MB.

Unloading 8 unused Assets to reduce memory usage. Loaded Objects now: 3600.
Total: 2.291800 ms (FindLiveObjects: 0.314500 ms CreateObjectMapping: 0.152000 ms MarkObjects: 1.810100 ms  DeleteObjects: 0.014400 ms)

========================================================================
Received Prepare
Registering precompiled user dll's ...
Registered in 0.001128 seconds.
Begin MonoManager ReloadAssembly
Native extension for WindowsStandalone target not found
Refreshing native plugins compatible for Editor in 0.54 ms, found 1 plugins.
Preloading 0 native plugins for Editor in 0.00 ms.
Invoked RoslynAnalysisRunner static constructor.
RoslynAnalysisRunner will not be running.
RoslynAnalysisRunner has terminated.
Mono: successfully reloaded assembly
- Completed reload, in  0.722 seconds
Platform modules already initialized, skipping
Shader 'Universal Render Pipeline/Particles/Lit': fallback shader 'Universal Render Pipeline/Particles/SimpleLit' not found
Refreshing native plugins compatible for Editor in 0.50 ms, found 1 plugins.
Preloading 0 native plugins for Editor in 0.00 ms.
Unloading 3010 Unused Serialized files (Serialized files now loaded: 0)
System memory in use before: 129.2 MB.
System memory in use after: 129.5 MB.

Unloading 8 unused Assets to reduce memory usage. Loaded Objects now: 3604.
Total: 5.266400 ms (FindLiveObjects: 0.573200 ms CreateObjectMapping: 0.432600 ms MarkObjects: 4.244200 ms  DeleteObjects: 0.014600 ms)

========================================================================
Received Import Request.
  Time since last request: 124.567452 seconds.
  path: Assets/Scripts/GrainHandler.cs
  artifactKey: Guid(00f6b2c194ef7614b894e16cdacb24ca) Importer(815301076,1909f56bfc062723c751e8b465ee728b)
Start importing Assets/Scripts/GrainHandler.cs using Guid(00f6b2c194ef7614b894e16cdacb24ca) Importer(815301076,1909f56bfc062723c751e8b465ee728b)  -> (artifact id: '1096b5568ef5a955e9a0c886260bad3c') in 0.007548 seconds
  Import took 0.011745 seconds .

========================================================================
Received Prepare
Registering precompiled user dll's ...
Registered in 0.001130 seconds.
Begin MonoManager ReloadAssembly
Native extension for WindowsStandalone target not found
Refreshing native plugins compatible for Editor in 0.50 ms, found 1 plugins.
Preloading 0 native plugins for Editor in 0.00 ms.
Invoked RoslynAnalysisRunner static constructor.
RoslynAnalysisRunner will not be running.
RoslynAnalysisRunner has terminated.
Mono: successfully reloaded assembly
- Completed reload, in  0.723 seconds
Platform modules already initialized, skipping
Shader 'Universal Render Pipeline/Particles/Lit': fallback shader 'Universal Render Pipeline/Particles/SimpleLit' not found
Refreshing native plugins compatible for Editor in 0.54 ms, found 1 plugins.
Preloading 0 native plugins for Editor in 0.00 ms.
Unloading 3010 Unused Serialized files (Serialized files now loaded: 0)
System memory in use before: 129.2 MB.
System memory in use after: 129.5 MB.

Unloading 8 unused Assets to reduce memory usage. Loaded Objects now: 3608.
Total: 2.090100 ms (FindLiveObjects: 0.252900 ms CreateObjectMapping: 0.147700 ms MarkObjects: 1.676800 ms  DeleteObjects: 0.012000 ms)

========================================================================
Received Prepare
Registering precompiled user dll's ...
Registered in 0.001097 seconds.
Begin MonoManager ReloadAssembly
Native extension for WindowsStandalone target not found
Refreshing native plugins compatible for Editor in 0.48 ms, found 1 plugins.
Preloading 0 native plugins for Editor in 0.00 ms.
Invoked RoslynAnalysisRunner static constructor.
RoslynAnalysisRunner will not be running.
RoslynAnalysisRunner has terminated.
Mono: successfully reloaded assembly
- Completed reload, in  0.713 seconds
Platform modules already initialized, skipping
Shader 'Universal Render Pipeline/Particles/Lit': fallback shader 'Universal Render Pipeline/Particles/SimpleLit' not found
Refreshing native plugins compatible for Editor in 0.50 ms, found 1 plugins.
Preloading 0 native plugins for Editor in 0.00 ms.
Unloading 3010 Unused Serialized files (Serialized files now loaded: 0)
System memory in use before: 129.2 MB.
System memory in use after: 129.5 MB.

Unloading 8 unused Assets to reduce memory usage. Loaded Objects now: 3612.
Total: 2.247500 ms (FindLiveObjects: 0.268700 ms CreateObjectMapping: 0.130900 ms MarkObjects: 1.835500 ms  DeleteObjects: 0.011700 ms)

========================================================================
Received Import Request.
  Time since last request: 164.159737 seconds.
  path: Assets/Inventory System/Scriptables/Items/Collectable Items/soymilk.asset
  artifactKey: Guid(48ae84e79446920419a41efe3ab617a6) Importer(815301076,1909f56bfc062723c751e8b465ee728b)
Start importing Assets/Inventory System/Scriptables/Items/Collectable Items/soymilk.asset using Guid(48ae84e79446920419a41efe3ab617a6) Importer(815301076,1909f56bfc062723c751e8b465ee728b)  -> (artifact id: 'b1a6241d7499f9ea74a2ee6ef32d8552') in 0.014187 seconds
  Import took 0.019126 seconds .

========================================================================
Received Prepare
Registering precompiled user dll's ...
Registered in 0.001149 seconds.
Begin MonoManager ReloadAssembly
Native extension for WindowsStandalone target not found
Refreshing native plugins compatible for Editor in 0.50 ms, found 1 plugins.
Preloading 0 native plugins for Editor in 0.00 ms.
Invoked RoslynAnalysisRunner static constructor.
RoslynAnalysisRunner will not be running.
RoslynAnalysisRunner has terminated.
Mono: successfully reloaded assembly
- Completed reload, in  0.716 seconds
Platform modules already initialized, skipping
Shader 'Universal Render Pipeline/Particles/Lit': fallback shader 'Universal Render Pipeline/Particles/SimpleLit' not found
Refreshing native plugins compatible for Editor in 0.51 ms, found 1 plugins.
Preloading 0 native plugins for Editor in 0.00 ms.
Unloading 3010 Unused Serialized files (Serialized files now loaded: 0)
System memory in use before: 129.3 MB.
System memory in use after: 129.5 MB.

Unloading 8 unused Assets to reduce memory usage. Loaded Objects now: 3616.
Total: 2.367100 ms (FindLiveObjects: 0.295400 ms CreateObjectMapping: 0.132800 ms MarkObjects: 1.925500 ms  DeleteObjects: 0.012700 ms)

========================================================================
Received Prepare
Registering precompiled user dll's ...
Registered in 0.001116 seconds.
Begin MonoManager ReloadAssembly
Native extension for WindowsStandalone target not found
Refreshing native plugins compatible for Editor in 0.50 ms, found 1 plugins.
Preloading 0 native plugins for Editor in 0.00 ms.
Invoked RoslynAnalysisRunner static constructor.
RoslynAnalysisRunner will not be running.
RoslynAnalysisRunner has terminated.
Mono: successfully reloaded assembly
- Completed reload, in  0.734 seconds
Platform modules already initialized, skipping
Shader 'Universal Render Pipeline/Particles/Lit': fallback shader 'Universal Render Pipeline/Particles/SimpleLit' not found
Refreshing native plugins compatible for Editor in 0.49 ms, found 1 plugins.
Preloading 0 native plugins for Editor in 0.00 ms.
Unloading 3010 Unused Serialized files (Serialized files now loaded: 0)
System memory in use before: 129.3 MB.
System memory in use after: 129.5 MB.

Unloading 8 unused Assets to reduce memory usage. Loaded Objects now: 3620.
Total: 2.067200 ms (FindLiveObjects: 0.258600 ms CreateObjectMapping: 0.132100 ms MarkObjects: 1.663500 ms  DeleteObjects: 0.011800 ms)

========================================================================
Received Prepare
Registering precompiled user dll's ...
Registered in 0.001132 seconds.
Begin MonoManager ReloadAssembly
Native extension for WindowsStandalone target not found
Refreshing native plugins compatible for Editor in 0.49 ms, found 1 plugins.
Preloading 0 native plugins for Editor in 0.00 ms.
Invoked RoslynAnalysisRunner static constructor.
RoslynAnalysisRunner will not be running.
RoslynAnalysisRunner has terminated.
Mono: successfully reloaded assembly
- Completed reload, in  0.715 seconds
Platform modules already initialized, skipping
Shader 'Universal Render Pipeline/Particles/Lit': fallback shader 'Universal Render Pipeline/Particles/SimpleLit' not found
Refreshing native plugins compatible for Editor in 0.49 ms, found 1 plugins.
Preloading 0 native plugins for Editor in 0.00 ms.
Unloading 3010 Unused Serialized files (Serialized files now loaded: 0)
System memory in use before: 129.3 MB.
System memory in use after: 129.5 MB.

Unloading 8 unused Assets to reduce memory usage. Loaded Objects now: 3624.
Total: 6.261600 ms (FindLiveObjects: 0.797900 ms CreateObjectMapping: 0.561300 ms MarkObjects: 4.888300 ms  DeleteObjects: 0.012100 ms)

========================================================================
Received Prepare
Registering precompiled user dll's ...
Registered in 0.001288 seconds.
Begin MonoManager ReloadAssembly
Native extension for WindowsStandalone target not found
Refreshing native plugins compatible for Editor in 0.59 ms, found 1 plugins.
Preloading 0 native plugins for Editor in 0.00 ms.
Invoked RoslynAnalysisRunner static constructor.
RoslynAnalysisRunner will not be running.
RoslynAnalysisRunner has terminated.
Mono: successfully reloaded assembly
- Completed reload, in  0.849 seconds
Platform modules already initialized, skipping
Shader 'Universal Render Pipeline/Particles/Lit': fallback shader 'Universal Render Pipeline/Particles/SimpleLit' not found
Refreshing native plugins compatible for Editor in 0.54 ms, found 1 plugins.
Preloading 0 native plugins for Editor in 0.00 ms.
Unloading 3010 Unused Serialized files (Serialized files now loaded: 0)
System memory in use before: 129.3 MB.
System memory in use after: 129.5 MB.

Unloading 8 unused Assets to reduce memory usage. Loaded Objects now: 3628.
Total: 2.297400 ms (FindLiveObjects: 0.251200 ms CreateObjectMapping: 0.136400 ms MarkObjects: 1.894400 ms  DeleteObjects: 0.014600 ms)

========================================================================
Received Import Request.
  Time since last request: 252.466658 seconds.
  path: Assets/Scripts/ItemInteraction.cs
  artifactKey: Guid(31f9fd88ce9990c4b9bc12ca2be382a7) Importer(815301076,1909f56bfc062723c751e8b465ee728b)
Start importing Assets/Scripts/ItemInteraction.cs using Guid(31f9fd88ce9990c4b9bc12ca2be382a7) Importer(815301076,1909f56bfc062723c751e8b465ee728b)  -> (artifact id: '6c881c67593d0b1b8fc57b43013a3538') in 0.009450 seconds
  Import took 0.013864 seconds .

========================================================================
Received Import Request.
  Time since last request: 0.012762 seconds.
  path: Assets/Scripts/ItemInteraction.cs
  artifactKey: Guid(31f9fd88ce9990c4b9bc12ca2be382a7) Importer(815301076,1909f56bfc062723c751e8b465ee728b)
Start importing Assets/Scripts/ItemInteraction.cs using Guid(31f9fd88ce9990c4b9bc12ca2be382a7) Importer(815301076,1909f56bfc062723c751e8b465ee728b)  -> (artifact id: '6c881c67593d0b1b8fc57b43013a3538') in 0.001778 seconds
  Import took 0.006127 seconds .

========================================================================
Received Prepare
Registering precompiled user dll's ...
Registered in 0.001146 seconds.
Begin MonoManager ReloadAssembly
Native extension for WindowsStandalone target not found
Refreshing native plugins compatible for Editor in 0.58 ms, found 1 plugins.
Preloading 0 native plugins for Editor in 0.00 ms.
Invoked RoslynAnalysisRunner static constructor.
RoslynAnalysisRunner will not be running.
RoslynAnalysisRunner has terminated.
Mono: successfully reloaded assembly
- Completed reload, in  0.822 seconds
Platform modules already initialized, skipping
Shader 'Universal Render Pipeline/Particles/Lit': fallback shader 'Universal Render Pipeline/Particles/SimpleLit' not found
Refreshing native plugins compatible for Editor in 0.64 ms, found 1 plugins.
Preloading 0 native plugins for Editor in 0.00 ms.
Unloading 3010 Unused Serialized files (Serialized files now loaded: 0)
System memory in use before: 129.3 MB.
System memory in use after: 129.5 MB.

Unloading 8 unused Assets to reduce memory usage. Loaded Objects now: 3632.
Total: 3.175500 ms (FindLiveObjects: 0.387200 ms CreateObjectMapping: 0.226200 ms MarkObjects: 2.545600 ms  DeleteObjects: 0.015000 ms)

========================================================================
Received Prepare
Registering precompiled user dll's ...
Registered in 0.001132 seconds.
Begin MonoManager ReloadAssembly
Native extension for WindowsStandalone target not found
Refreshing native plugins compatible for Editor in 0.51 ms, found 1 plugins.
Preloading 0 native plugins for Editor in 0.00 ms.
Invoked RoslynAnalysisRunner static constructor.
RoslynAnalysisRunner will not be running.
RoslynAnalysisRunner has terminated.
Mono: successfully reloaded assembly
- Completed reload, in  0.771 seconds
Platform modules already initialized, skipping
Shader 'Universal Render Pipeline/Particles/Lit': fallback shader 'Universal Render Pipeline/Particles/SimpleLit' not found
Refreshing native plugins compatible for Editor in 0.50 ms, found 1 plugins.
Preloading 0 native plugins for Editor in 0.00 ms.
Unloading 3010 Unused Serialized files (Serialized files now loaded: 0)
System memory in use before: 129.3 MB.
System memory in use after: 129.5 MB.

Unloading 8 unused Assets to reduce memory usage. Loaded Objects now: 3636.
Total: 2.444100 ms (FindLiveObjects: 0.281100 ms CreateObjectMapping: 0.131400 ms MarkObjects: 2.018600 ms  DeleteObjects: 0.012600 ms)

========================================================================
Received Prepare
Registering precompiled user dll's ...
Registered in 0.001134 seconds.
Begin MonoManager ReloadAssembly
Native extension for WindowsStandalone target not found
Refreshing native plugins compatible for Editor in 0.51 ms, found 1 plugins.
Preloading 0 native plugins for Editor in 0.00 ms.
Invoked RoslynAnalysisRunner static constructor.
RoslynAnalysisRunner will not be running.
RoslynAnalysisRunner has terminated.
Mono: successfully reloaded assembly
- Completed reload, in  0.727 seconds
Platform modules already initialized, skipping
Shader 'Universal Render Pipeline/Particles/Lit': fallback shader 'Universal Render Pipeline/Particles/SimpleLit' not found
Refreshing native plugins compatible for Editor in 0.49 ms, found 1 plugins.
Preloading 0 native plugins for Editor in 0.00 ms.
Unloading 3010 Unused Serialized files (Serialized files now loaded: 0)
System memory in use before: 129.3 MB.
System memory in use after: 129.5 MB.

Unloading 8 unused Assets to reduce memory usage. Loaded Objects now: 3640.
Total: 5.855900 ms (FindLiveObjects: 0.589900 ms CreateObjectMapping: 0.408100 ms MarkObjects: 4.817700 ms  DeleteObjects: 0.037600 ms)

========================================================================
Received Prepare
Registering precompiled user dll's ...
Registered in 0.001110 seconds.
Begin MonoManager ReloadAssembly
Native extension for WindowsStandalone target not found
Refreshing native plugins compatible for Editor in 0.52 ms, found 1 plugins.
Preloading 0 native plugins for Editor in 0.00 ms.
Invoked RoslynAnalysisRunner static constructor.
RoslynAnalysisRunner will not be running.
RoslynAnalysisRunner has terminated.
Mono: successfully reloaded assembly
- Completed reload, in  0.718 seconds
Platform modules already initialized, skipping
Shader 'Universal Render Pipeline/Particles/Lit': fallback shader 'Universal Render Pipeline/Particles/SimpleLit' not found
Refreshing native plugins compatible for Editor in 0.50 ms, found 1 plugins.
Preloading 0 native plugins for Editor in 0.00 ms.
Unloading 3010 Unused Serialized files (Serialized files now loaded: 0)
System memory in use before: 129.3 MB.
System memory in use after: 129.5 MB.

Unloading 8 unused Assets to reduce memory usage. Loaded Objects now: 3644.
Total: 7.836500 ms (FindLiveObjects: 0.857700 ms CreateObjectMapping: 0.526500 ms MarkObjects: 6.413200 ms  DeleteObjects: 0.036500 ms)

========================================================================
Received Prepare
Registering precompiled user dll's ...
Registered in 0.001547 seconds.
Begin MonoManager ReloadAssembly
Native extension for WindowsStandalone target not found
Refreshing native plugins compatible for Editor in 0.57 ms, found 1 plugins.
Preloading 0 native plugins for Editor in 0.00 ms.
Invoked RoslynAnalysisRunner static constructor.
RoslynAnalysisRunner will not be running.
RoslynAnalysisRunner has terminated.
Mono: successfully reloaded assembly
- Completed reload, in  0.846 seconds
Platform modules already initialized, skipping
Shader 'Universal Render Pipeline/Particles/Lit': fallback shader 'Universal Render Pipeline/Particles/SimpleLit' not found
Refreshing native plugins compatible for Editor in 0.67 ms, found 1 plugins.
Preloading 0 native plugins for Editor in 0.00 ms.
Unloading 3010 Unused Serialized files (Serialized files now loaded: 0)
System memory in use before: 129.3 MB.
System memory in use after: 129.5 MB.

Unloading 8 unused Assets to reduce memory usage. Loaded Objects now: 3648.
Total: 2.335500 ms (FindLiveObjects: 0.280300 ms CreateObjectMapping: 0.165700 ms MarkObjects: 1.874600 ms  DeleteObjects: 0.014000 ms)

========================================================================
Received Prepare
Registering precompiled user dll's ...
Registered in 0.001138 seconds.
Begin MonoManager ReloadAssembly
Native extension for WindowsStandalone target not found
Refreshing native plugins compatible for Editor in 0.52 ms, found 1 plugins.
Preloading 0 native plugins for Editor in 0.00 ms.
Invoked RoslynAnalysisRunner static constructor.
RoslynAnalysisRunner will not be running.
RoslynAnalysisRunner has terminated.
Mono: successfully reloaded assembly
- Completed reload, in  0.826 seconds
Platform modules already initialized, skipping
Shader 'Universal Render Pipeline/Particles/Lit': fallback shader 'Universal Render Pipeline/Particles/SimpleLit' not found
Refreshing native plugins compatible for Editor in 0.72 ms, found 1 plugins.
Preloading 0 native plugins for Editor in 0.00 ms.
Unloading 3010 Unused Serialized files (Serialized files now loaded: 0)
System memory in use before: 129.3 MB.
System memory in use after: 129.6 MB.

Unloading 8 unused Assets to reduce memory usage. Loaded Objects now: 3652.
Total: 2.787100 ms (FindLiveObjects: 0.354500 ms CreateObjectMapping: 0.234000 ms MarkObjects: 2.183200 ms  DeleteObjects: 0.014400 ms)

========================================================================
Received Prepare
Registering precompiled user dll's ...
Registered in 0.001150 seconds.
Begin MonoManager ReloadAssembly
Native extension for WindowsStandalone target not found
Refreshing native plugins compatible for Editor in 0.50 ms, found 1 plugins.
Preloading 0 native plugins for Editor in 0.00 ms.
Invoked RoslynAnalysisRunner static constructor.
RoslynAnalysisRunner will not be running.
RoslynAnalysisRunner has terminated.
Mono: successfully reloaded assembly
- Completed reload, in  0.724 seconds
Platform modules already initialized, skipping
Shader 'Universal Render Pipeline/Particles/Lit': fallback shader 'Universal Render Pipeline/Particles/SimpleLit' not found
Refreshing native plugins compatible for Editor in 0.50 ms, found 1 plugins.
Preloading 0 native plugins for Editor in 0.00 ms.
Unloading 3010 Unused Serialized files (Serialized files now loaded: 0)
System memory in use before: 129.3 MB.
System memory in use after: 129.6 MB.

Unloading 8 unused Assets to reduce memory usage. Loaded Objects now: 3656.
Total: 5.250800 ms (FindLiveObjects: 0.638200 ms CreateObjectMapping: 0.392500 ms MarkObjects: 4.190700 ms  DeleteObjects: 0.027500 ms)

========================================================================
Received Prepare
Registering precompiled user dll's ...
Registered in 0.001137 seconds.
Begin MonoManager ReloadAssembly
Native extension for WindowsStandalone target not found
Refreshing native plugins compatible for Editor in 0.53 ms, found 1 plugins.
Preloading 0 native plugins for Editor in 0.00 ms.
Invoked RoslynAnalysisRunner static constructor.
RoslynAnalysisRunner will not be running.
RoslynAnalysisRunner has terminated.
Mono: successfully reloaded assembly
- Completed reload, in  0.824 seconds
Platform modules already initialized, skipping
Shader 'Universal Render Pipeline/Particles/Lit': fallback shader 'Universal Render Pipeline/Particles/SimpleLit' not found
Refreshing native plugins compatible for Editor in 0.79 ms, found 1 plugins.
Preloading 0 native plugins for Editor in 0.00 ms.
Unloading 3010 Unused Serialized files (Serialized files now loaded: 0)
System memory in use before: 129.3 MB.
System memory in use after: 129.6 MB.

Unloading 8 unused Assets to reduce memory usage. Loaded Objects now: 3660.
Total: 3.690700 ms (FindLiveObjects: 0.593500 ms CreateObjectMapping: 0.326800 ms MarkObjects: 2.752100 ms  DeleteObjects: 0.017000 ms)

========================================================================
Received Prepare
Registering precompiled user dll's ...
Registered in 0.001135 seconds.
Begin MonoManager ReloadAssembly
Native extension for WindowsStandalone target not found
Refreshing native plugins compatible for Editor in 0.50 ms, found 1 plugins.
Preloading 0 native plugins for Editor in 0.00 ms.
Invoked RoslynAnalysisRunner static constructor.
RoslynAnalysisRunner will not be running.
RoslynAnalysisRunner has terminated.
Mono: successfully reloaded assembly
- Completed reload, in  0.715 seconds
Platform modules already initialized, skipping
Shader 'Universal Render Pipeline/Particles/Lit': fallback shader 'Universal Render Pipeline/Particles/SimpleLit' not found
Refreshing native plugins compatible for Editor in 0.50 ms, found 1 plugins.
Preloading 0 native plugins for Editor in 0.00 ms.
Unloading 3010 Unused Serialized files (Serialized files now loaded: 0)
System memory in use before: 129.4 MB.
System memory in use after: 129.6 MB.

Unloading 8 unused Assets to reduce memory usage. Loaded Objects now: 3664.
Total: 5.554500 ms (FindLiveObjects: 0.561300 ms CreateObjectMapping: 0.416000 ms MarkObjects: 4.549100 ms  DeleteObjects: 0.026300 ms)

========================================================================
Received Prepare
Registering precompiled user dll's ...
Registered in 0.001120 seconds.
Begin MonoManager ReloadAssembly
Native extension for WindowsStandalone target not found
Refreshing native plugins compatible for Editor in 0.49 ms, found 1 plugins.
Preloading 0 native plugins for Editor in 0.00 ms.
Invoked RoslynAnalysisRunner static constructor.
RoslynAnalysisRunner will not be running.
RoslynAnalysisRunner has terminated.
Mono: successfully reloaded assembly
- Completed reload, in  0.703 seconds
Platform modules already initialized, skipping
Shader 'Universal Render Pipeline/Particles/Lit': fallback shader 'Universal Render Pipeline/Particles/SimpleLit' not found
Refreshing native plugins compatible for Editor in 0.50 ms, found 1 plugins.
Preloading 0 native plugins for Editor in 0.00 ms.
Unloading 3010 Unused Serialized files (Serialized files now loaded: 0)
System memory in use before: 129.4 MB.
System memory in use after: 129.6 MB.

Unloading 8 unused Assets to reduce memory usage. Loaded Objects now: 3668.
Total: 7.021500 ms (FindLiveObjects: 0.870400 ms CreateObjectMapping: 0.579000 ms MarkObjects: 5.532900 ms  DeleteObjects: 0.036200 ms)

========================================================================
Received Import Request.
  Time since last request: 1022.205018 seconds.
  path: Assets/Characters/prisondoor.asset
  artifactKey: Guid(e7a7da4e2a179e74caacb5752a4176b7) Importer(815301076,1909f56bfc062723c751e8b465ee728b)
Start importing Assets/Characters/prisondoor.asset using Guid(e7a7da4e2a179e74caacb5752a4176b7) Importer(815301076,1909f56bfc062723c751e8b465ee728b)  -> (artifact id: 'd366afec1a126189d1e9152f5f7d07e8') in 0.014374 seconds
  Import took 0.019200 seconds .

========================================================================
Received Prepare
Registering precompiled user dll's ...
Registered in 0.001102 seconds.
Begin MonoManager ReloadAssembly
Native extension for WindowsStandalone target not found
Refreshing native plugins compatible for Editor in 0.53 ms, found 1 plugins.
Preloading 0 native plugins for Editor in 0.00 ms.
Invoked RoslynAnalysisRunner static constructor.
RoslynAnalysisRunner will not be running.
RoslynAnalysisRunner has terminated.
Mono: successfully reloaded assembly
- Completed reload, in  0.737 seconds
Platform modules already initialized, skipping
Shader 'Universal Render Pipeline/Particles/Lit': fallback shader 'Universal Render Pipeline/Particles/SimpleLit' not found
Refreshing native plugins compatible for Editor in 0.49 ms, found 1 plugins.
Preloading 0 native plugins for Editor in 0.00 ms.
Unloading 3010 Unused Serialized files (Serialized files now loaded: 0)
System memory in use before: 129.4 MB.
System memory in use after: 129.6 MB.

Unloading 8 unused Assets to reduce memory usage. Loaded Objects now: 3672.
Total: 2.050000 ms (FindLiveObjects: 0.274400 ms CreateObjectMapping: 0.124400 ms MarkObjects: 1.639000 ms  DeleteObjects: 0.011500 ms)

========================================================================
Received Import Request.
  Time since last request: 13.683293 seconds.
  path: Assets/Characters/HamsZelle.asset
  artifactKey: Guid(33e3550ac2d171c49b2fdd7b8d603d31) Importer(815301076,1909f56bfc062723c751e8b465ee728b)
Start importing Assets/Characters/HamsZelle.asset using Guid(33e3550ac2d171c49b2fdd7b8d603d31) Importer(815301076,1909f56bfc062723c751e8b465ee728b)  -> (artifact id: '9049e3812b840d87a242b53e6400b6c6') in 0.015250 seconds
  Import took 0.023175 seconds .

========================================================================
Received Prepare
Registering precompiled user dll's ...
Registered in 0.001169 seconds.
Begin MonoManager ReloadAssembly
Native extension for WindowsStandalone target not found
Refreshing native plugins compatible for Editor in 0.52 ms, found 1 plugins.
Preloading 0 native plugins for Editor in 0.00 ms.
Invoked RoslynAnalysisRunner static constructor.
RoslynAnalysisRunner will not be running.
RoslynAnalysisRunner has terminated.
Mono: successfully reloaded assembly
- Completed reload, in  0.708 seconds
Platform modules already initialized, skipping
Shader 'Universal Render Pipeline/Particles/Lit': fallback shader 'Universal Render Pipeline/Particles/SimpleLit' not found
Refreshing native plugins compatible for Editor in 0.51 ms, found 1 plugins.
Preloading 0 native plugins for Editor in 0.00 ms.
Unloading 3010 Unused Serialized files (Serialized files now loaded: 0)
System memory in use before: 129.4 MB.
System memory in use after: 129.6 MB.

Unloading 8 unused Assets to reduce memory usage. Loaded Objects now: 3676.
Total: 2.396500 ms (FindLiveObjects: 0.263200 ms CreateObjectMapping: 0.131400 ms MarkObjects: 1.988400 ms  DeleteObjects: 0.012800 ms)

========================================================================
Received Prepare
Registering precompiled user dll's ...
Registered in 0.001125 seconds.
Begin MonoManager ReloadAssembly
Native extension for WindowsStandalone target not found
Refreshing native plugins compatible for Editor in 0.49 ms, found 1 plugins.
Preloading 0 native plugins for Editor in 0.00 ms.
Invoked RoslynAnalysisRunner static constructor.
RoslynAnalysisRunner will not be running.
RoslynAnalysisRunner has terminated.
Mono: successfully reloaded assembly
- Completed reload, in  0.713 seconds
Platform modules already initialized, skipping
Shader 'Universal Render Pipeline/Particles/Lit': fallback shader 'Universal Render Pipeline/Particles/SimpleLit' not found
Refreshing native plugins compatible for Editor in 0.50 ms, found 1 plugins.
Preloading 0 native plugins for Editor in 0.00 ms.
Unloading 3010 Unused Serialized files (Serialized files now loaded: 0)
System memory in use before: 129.4 MB.
System memory in use after: 129.6 MB.

Unloading 8 unused Assets to reduce memory usage. Loaded Objects now: 3680.
Total: 6.233200 ms (FindLiveObjects: 0.839100 ms CreateObjectMapping: 0.526900 ms MarkObjects: 4.852000 ms  DeleteObjects: 0.013300 ms)

========================================================================
Received Prepare
Registering precompiled user dll's ...
Registered in 0.001151 seconds.
Begin MonoManager ReloadAssembly
Native extension for WindowsStandalone target not found
Refreshing native plugins compatible for Editor in 0.49 ms, found 1 plugins.
Preloading 0 native plugins for Editor in 0.00 ms.
Invoked RoslynAnalysisRunner static constructor.
RoslynAnalysisRunner will not be running.
RoslynAnalysisRunner has terminated.
Mono: successfully reloaded assembly
- Completed reload, in  0.725 seconds
Platform modules already initialized, skipping
Shader 'Universal Render Pipeline/Particles/Lit': fallback shader 'Universal Render Pipeline/Particles/SimpleLit' not found
Refreshing native plugins compatible for Editor in 0.50 ms, found 1 plugins.
Preloading 0 native plugins for Editor in 0.00 ms.
Unloading 3010 Unused Serialized files (Serialized files now loaded: 0)
System memory in use before: 129.4 MB.
System memory in use after: 129.6 MB.

Unloading 8 unused Assets to reduce memory usage. Loaded Objects now: 3684.
Total: 2.345400 ms (FindLiveObjects: 0.303700 ms CreateObjectMapping: 0.130400 ms MarkObjects: 1.898600 ms  DeleteObjects: 0.012000 ms)

========================================================================
Received Prepare
Registering precompiled user dll's ...
Registered in 0.001168 seconds.
Begin MonoManager ReloadAssembly
Native extension for WindowsStandalone target not found
Refreshing native plugins compatible for Editor in 0.52 ms, found 1 plugins.
Preloading 0 native plugins for Editor in 0.00 ms.
Invoked RoslynAnalysisRunner static constructor.
RoslynAnalysisRunner will not be running.
RoslynAnalysisRunner has terminated.
Mono: successfully reloaded assembly
- Completed reload, in  0.720 seconds
Platform modules already initialized, skipping
Shader 'Universal Render Pipeline/Particles/Lit': fallback shader 'Universal Render Pipeline/Particles/SimpleLit' not found
Refreshing native plugins compatible for Editor in 0.51 ms, found 1 plugins.
Preloading 0 native plugins for Editor in 0.00 ms.
Unloading 3010 Unused Serialized files (Serialized files now loaded: 0)
System memory in use before: 129.4 MB.
System memory in use after: 129.6 MB.

Unloading 8 unused Assets to reduce memory usage. Loaded Objects now: 3688.
Total: 2.848700 ms (FindLiveObjects: 0.437200 ms CreateObjectMapping: 0.209300 ms MarkObjects: 2.183700 ms  DeleteObjects: 0.017600 ms)

========================================================================
Received Prepare
Registering precompiled user dll's ...
Registered in 0.001152 seconds.
Begin MonoManager ReloadAssembly
Native extension for WindowsStandalone target not found
Refreshing native plugins compatible for Editor in 0.62 ms, found 1 plugins.
Preloading 0 native plugins for Editor in 0.00 ms.
Invoked RoslynAnalysisRunner static constructor.
RoslynAnalysisRunner will not be running.
RoslynAnalysisRunner has terminated.
Mono: successfully reloaded assembly
- Completed reload, in  0.817 seconds
Platform modules already initialized, skipping
Shader 'Universal Render Pipeline/Particles/Lit': fallback shader 'Universal Render Pipeline/Particles/SimpleLit' not found
Refreshing native plugins compatible for Editor in 0.58 ms, found 1 plugins.
Preloading 0 native plugins for Editor in 0.00 ms.
Unloading 3010 Unused Serialized files (Serialized files now loaded: 0)
System memory in use before: 129.4 MB.
System memory in use after: 129.7 MB.

Unloading 8 unused Assets to reduce memory usage. Loaded Objects now: 3692.
Total: 2.666000 ms (FindLiveObjects: 0.353600 ms CreateObjectMapping: 0.203900 ms MarkObjects: 2.091900 ms  DeleteObjects: 0.015400 ms)

========================================================================
Received Prepare
Registering precompiled user dll's ...
Registered in 0.001237 seconds.
Begin MonoManager ReloadAssembly
Native extension for WindowsStandalone target not found
Refreshing native plugins compatible for Editor in 0.49 ms, found 1 plugins.
Preloading 0 native plugins for Editor in 0.00 ms.
Invoked RoslynAnalysisRunner static constructor.
RoslynAnalysisRunner will not be running.
RoslynAnalysisRunner has terminated.
Mono: successfully reloaded assembly
- Completed reload, in  0.719 seconds
Platform modules already initialized, skipping
Shader 'Universal Render Pipeline/Particles/Lit': fallback shader 'Universal Render Pipeline/Particles/SimpleLit' not found
Refreshing native plugins compatible for Editor in 0.49 ms, found 1 plugins.
Preloading 0 native plugins for Editor in 0.00 ms.
Unloading 3010 Unused Serialized files (Serialized files now loaded: 0)
System memory in use before: 129.4 MB.
System memory in use after: 129.7 MB.

Unloading 8 unused Assets to reduce memory usage. Loaded Objects now: 3696.
Total: 4.013400 ms (FindLiveObjects: 0.426900 ms CreateObjectMapping: 0.278600 ms MarkObjects: 3.283800 ms  DeleteObjects: 0.022700 ms)

========================================================================
Received Import Request.
  Time since last request: 838.882593 seconds.
  path: Assets/Characters/HamsZelle.asset
  artifactKey: Guid(33e3550ac2d171c49b2fdd7b8d603d31) Importer(815301076,1909f56bfc062723c751e8b465ee728b)
Start importing Assets/Characters/HamsZelle.asset using Guid(33e3550ac2d171c49b2fdd7b8d603d31) Importer(815301076,1909f56bfc062723c751e8b465ee728b)  -> (artifact id: '21c0a9bc7c45e5e3ab626b5745412824') in 0.018434 seconds
  Import took 0.026354 seconds .

AssetImportWorkerClient::OnTransportError - code=2 error=End of file
